\BOOKMARK [1][-]{section.1}{\376\377\122\115\212\000}{}% 1
\BOOKMARK [1][-]{section.2}{\376\377\145\160\133\146\123\237\164\006\124\214\172\013\136\217\213\276\213\241\155\101\172\013}{}% 2
\BOOKMARK [2][-]{subsection.2.1}{\376\377\000J\000a\000c\000o\000b\000i\217\355\116\343\154\325}{section.2}% 3
\BOOKMARK [2][-]{subsection.2.2}{\376\377\000G\000a\000u\000s\000s\000-\000S\000e\000i\000d\000e\000l\217\355\116\343\154\325}{section.2}% 4
\BOOKMARK [2][-]{subsection.2.3}{\376\377\000S\000O\000R\145\271\154\325}{section.2}% 5
\BOOKMARK [2][-]{subsection.2.4}{\376\377\217\355\116\343\122\240\220\037\145\271\154\325\377\010\000C\000h\000e\000b\000y\000s\000h\000e\000v\123\112\217\355\116\343\154\325\377\011}{section.2}% 6
\BOOKMARK [2][-]{subsection.2.5}{\376\377\121\161\217\155\145\234\221\317\154\325}{section.2}% 7
\BOOKMARK [2][-]{subsection.2.6}{\376\377\224\210\133\371\225\356\230\230\166\204\172\013\136\217\213\276\213\241\155\101\172\013}{section.2}% 8
\BOOKMARK [3][-]{subsubsection.2.6.1}{\376\377\176\303\116\140\0006\000.\0002\000.\0001}{subsection.2.6}% 9
\BOOKMARK [3][-]{subsubsection.2.6.2}{\376\377\176\303\116\140\0006\000.\0002\000.\0002}{subsection.2.6}% 10
\BOOKMARK [3][-]{subsubsection.2.6.3}{\376\377\176\303\116\140\0006\000.\0002\000.\0003}{subsection.2.6}% 11
\BOOKMARK [3][-]{subsubsection.2.6.4}{\376\377\176\303\116\140\0006\000.\0002\000.\0004}{subsection.2.6}% 12
\BOOKMARK [3][-]{subsubsection.2.6.5}{\376\377\176\303\116\140\0006\000.\0002\000.\0005}{subsection.2.6}% 13
\BOOKMARK [3][-]{subsubsection.2.6.6}{\376\377\176\303\116\140\0006\000.\0002\000.\0006}{subsection.2.6}% 14
\BOOKMARK [1][-]{section.3}{\376\377\133\236\232\214\176\323\147\234\124\214\145\160\143\156\213\250\213\272}{}% 15
\BOOKMARK [2][-]{subsection.3.1}{\376\377\176\303\116\140\0006\000.\0002\000.\0001}{section.3}% 16
\BOOKMARK [2][-]{subsection.3.2}{\376\377\176\303\116\140\0006\000.\0002\000.\0002}{section.3}% 17
\BOOKMARK [2][-]{subsection.3.3}{\376\377\176\303\116\140\0006\000.\0002\000.\0003}{section.3}% 18
\BOOKMARK [2][-]{subsection.3.4}{\376\377\176\303\116\140\0006\000.\0002\000.\0004}{section.3}% 19
\BOOKMARK [2][-]{subsection.3.5}{\376\377\176\303\116\140\0006\000.\0002\000.\0005}{section.3}% 20
\BOOKMARK [2][-]{subsection.3.6}{\376\377\176\303\116\140\0006\000.\0002\000.\0006}{section.3}% 21
\BOOKMARK [1][-]{section.4}{\376\377\134\017\176\323}{}% 22
