This is pdfTeX, Version 3.141592653-2.6-1.40.24 (TeX Live 2022) (preloaded format=pdflatex 2023.3.15)  13 DEC 2023 16:55
entering extended mode
 restricted \write18 enabled.
 file:line:error style messages enabled.
 %&-line parsing enabled.
**"e:/Works/Numerical Algebra/4/4.tex"
(e:/Works/Numerical Algebra/4/4.tex
LaTeX2e <2021-11-15> patch level 1
L3 programming layer <2022-02-24> (c:/texlive/2022/texmf-dist/tex/latex/ctex/ctexart.cls (c:/texlive/2022/texmf-dist/tex/latex/ctex/config/ctexbackend.cfg
File: ctexbackend.cfg 2021/12/12 v2.5.8 Backend configuration file (CTEX)
) (c:/texlive/2022/texmf-dist/tex/latex/l3kernel/expl3.sty
Package: expl3 2022-02-24 L3 programming layer (loader) 
 (c:/texlive/2022/texmf-dist/tex/latex/l3backend/l3backend-pdftex.def
File: l3backend-pdftex.def 2022-02-07 L3 backend support: PDF output (pdfTeX)
\l__color_backend_stack_int=\count185
\l__pdf_internal_box=\box50
))
Document Class: ctexart 2021/12/12 v2.5.8 Chinese adapter for class article (CTEX)
(c:/texlive/2022/texmf-dist/tex/latex/l3packages/xparse/xparse.sty
Package: xparse 2022-01-12 L3 Experimental document command parser
) (c:/texlive/2022/texmf-dist/tex/latex/l3packages/l3keys2e/l3keys2e.sty
Package: l3keys2e 2022-01-12 LaTeX2e option processing using LaTeX3 keys
) (c:/texlive/2022/texmf-dist/tex/latex/ctex/ctexhook.sty
Package: ctexhook 2021/12/12 v2.5.8 Document and package hooks (CTEX)
) (c:/texlive/2022/texmf-dist/tex/latex/ctex/ctexpatch.sty
Package: ctexpatch 2021/12/12 v2.5.8 Patching commands (CTEX)
) (c:/texlive/2022/texmf-dist/tex/latex/base/fix-cm.sty
Package: fix-cm 2020/11/24 v1.1t fixes to LaTeX
 (c:/texlive/2022/texmf-dist/tex/latex/base/ts1enc.def
File: ts1enc.def 2001/06/05 v3.0e (jk/car/fm) Standard LaTeX file
LaTeX Font Info:    Redeclaring font encoding TS1 on input line 47.
))
\l__ctex_tmp_int=\count186
\l__ctex_tmp_box=\box51
\l__ctex_tmp_dim=\dimen138
\g__ctex_section_depth_int=\count187
\g__ctex_font_size_int=\count188
 (c:/texlive/2022/texmf-dist/tex/latex/ctex/config/ctexopts.cfg
File: ctexopts.cfg 2021/12/12 v2.5.8 Option configuration file (CTEX)
) (c:/texlive/2022/texmf-dist/tex/latex/base/article.cls
Document Class: article 2021/10/04 v1.4n Standard LaTeX document class
(c:/texlive/2022/texmf-dist/tex/latex/base/size10.clo
File: size10.clo 2021/10/04 v1.4n Standard LaTeX file (size option)
)
\c@part=\count189
\c@section=\count190
\c@subsection=\count191
\c@subsubsection=\count192
\c@paragraph=\count193
\c@subparagraph=\count194
\c@figure=\count195
\c@table=\count196
\abovecaptionskip=\skip47
\belowcaptionskip=\skip48
\bibindent=\dimen139
) (c:/texlive/2022/texmf-dist/tex/latex/ctex/engine/ctex-engine-pdftex.def
File: ctex-engine-pdftex.def 2021/12/12 v2.5.8 (pdf)LaTeX adapter (CTEX)
 (c:/texlive/2022/texmf-dist/tex/latex/cjk/texinput/CJKutf8.sty
Package: CJKutf8 2021/10/16 4.8.5
 (c:/texlive/2022/texmf-dist/tex/generic/iftex/ifpdf.sty
Package: ifpdf 2019/10/25 v3.4 ifpdf legacy package. Use iftex instead.
 (c:/texlive/2022/texmf-dist/tex/generic/iftex/iftex.sty
Package: iftex 2022/02/03 v1.0f TeX engine tests
)) (c:/texlive/2022/texmf-dist/tex/latex/base/inputenc.sty
Package: inputenc 2021/02/14 v1.3d Input encoding file
\inpenc@prehook=\toks16
\inpenc@posthook=\toks17
) (c:/texlive/2022/texmf-dist/tex/latex/cjk/texinput/CJK.sty
Package: CJK 2021/10/16 4.8.5
 (c:/texlive/2022/texmf-dist/tex/latex/cjk/texinput/mule/MULEenc.sty
Package: MULEenc 2021/10/16 4.8.5
) (c:/texlive/2022/texmf-dist/tex/latex/cjk/texinput/CJK.enc
File: CJK.enc 2021/10/16 4.8.5
Now handling font encoding C00 ...
... no UTF-8 mapping file for font encoding C00
Now handling font encoding C05 ...
... no UTF-8 mapping file for font encoding C05
Now handling font encoding C09 ...
... no UTF-8 mapping file for font encoding C09
Now handling font encoding C10 ...
... no UTF-8 mapping file for font encoding C10
Now handling font encoding C20 ...
... no UTF-8 mapping file for font encoding C20
Now handling font encoding C19 ...
... no UTF-8 mapping file for font encoding C19
Now handling font encoding C40 ...
... no UTF-8 mapping file for font encoding C40
Now handling font encoding C42 ...
... no UTF-8 mapping file for font encoding C42
Now handling font encoding C43 ...
... no UTF-8 mapping file for font encoding C43
Now handling font encoding C50 ...
... no UTF-8 mapping file for font encoding C50
Now handling font encoding C52 ...
... no UTF-8 mapping file for font encoding C52
Now handling font encoding C49 ...
... no UTF-8 mapping file for font encoding C49
Now handling font encoding C60 ...
... no UTF-8 mapping file for font encoding C60
Now handling font encoding C61 ...
... no UTF-8 mapping file for font encoding C61
Now handling font encoding C63 ...
... no UTF-8 mapping file for font encoding C63
Now handling font encoding C64 ...
... no UTF-8 mapping file for font encoding C64
Now handling font encoding C65 ...
... no UTF-8 mapping file for font encoding C65
Now handling font encoding C70 ...
... no UTF-8 mapping file for font encoding C70
Now handling font encoding C31 ...
... no UTF-8 mapping file for font encoding C31
Now handling font encoding C32 ...
... no UTF-8 mapping file for font encoding C32
Now handling font encoding C33 ...
... no UTF-8 mapping file for font encoding C33
Now handling font encoding C34 ...
... no UTF-8 mapping file for font encoding C34
Now handling font encoding C35 ...
... no UTF-8 mapping file for font encoding C35
Now handling font encoding C36 ...
... no UTF-8 mapping file for font encoding C36
Now handling font encoding C37 ...
... no UTF-8 mapping file for font encoding C37
Now handling font encoding C80 ...
... no UTF-8 mapping file for font encoding C80
Now handling font encoding C81 ...
... no UTF-8 mapping file for font encoding C81
Now handling font encoding C01 ...
... no UTF-8 mapping file for font encoding C01
Now handling font encoding C11 ...
... no UTF-8 mapping file for font encoding C11
Now handling font encoding C21 ...
... no UTF-8 mapping file for font encoding C21
Now handling font encoding C41 ...
... no UTF-8 mapping file for font encoding C41
Now handling font encoding C62 ...
... no UTF-8 mapping file for font encoding C62
)
\CJK@indent=\box52
) (c:/texlive/2022/texmf-dist/tex/latex/base/fontenc.sty
Package: fontenc 2021/04/29 v2.0v Standard LaTeX package
)) (c:/texlive/2022/texmf-dist/tex/latex/cjkpunct/CJKpunct.sty
Package: CJKpunct 2016/05/14 4.8.4
\CJKpunct@cnta=\count197
\CJKpunct@cntb=\count198
\CJKpunct@cntc=\count199
\CJKpunct@cntd=\count266
\CJKpunct@cnte=\count267
   defining Unicode char U+2018 (decimal 8216)
   defining Unicode char U+2019 (decimal 8217)
   defining Unicode char U+201C (decimal 8220)
   defining Unicode char U+201D (decimal 8221)
   defining Unicode char U+2014 (decimal 8212)
   defining Unicode char U+2026 (decimal 8230)
 (c:/texlive/2022/texmf-dist/tex/latex/cjkpunct/CJKpunct.spa)) (c:/texlive/2022/texmf-dist/tex/latex/cjk/texinput/CJKspace.sty
Package: CJKspace 2021/10/16 3.8.0
) (c:/texlive/2022/texmf-dist/tex/latex/ctex/ctexspa.def
File: ctexspa.def 2021/12/12 v2.5.8 Space info for CJKpunct (CTEX)
)
\ccwd=\dimen140
\l__ctex_ccglue_skip=\skip49
)
\l__ctex_ziju_dim=\dimen141
 (c:/texlive/2022/texmf-dist/tex/latex/zhnumber/zhnumber.sty
Package: zhnumber 2020/05/01 v2.8 Typesetting numbers with Chinese glyphs
\l__zhnum_scale_int=\count268
\l__zhnum_byte_min_int=\count269
\l__zhnum_byte_max_int=\count270
 (c:/texlive/2022/texmf-dist/tex/latex/zhnumber/zhnumber-utf8.cfg
File: zhnumber-utf8.cfg 2020/05/01 v2.8 Chinese numerals with UTF8 encoding
))
\l__ctex_heading_skip=\skip50
 (c:/texlive/2022/texmf-dist/tex/latex/ctex/scheme/ctex-scheme-chinese-article.def
File: ctex-scheme-chinese-article.def 2021/12/12 v2.5.8 Chinese scheme for article (CTEX)
 (c:/texlive/2022/texmf-dist/tex/latex/ctex/config/ctex-name-utf8.cfg
File: ctex-name-utf8.cfg 2021/12/12 v2.5.8 Caption with encoding UTF-8 (CTEX)
)) (c:/texlive/2022/texmf-dist/tex/latex/ctex/fontset/ctex-fontset-windows.def
File: ctex-fontset-windows.def 2021/12/12 v2.5.8 Windows fonts definition (CTEX)
)) (c:/texlive/2022/texmf-dist/tex/latex/ctex/config/ctex.cfg
File: ctex.cfg 2021/12/12 v2.5.8 Configuration file (CTEX)
) (c:/texlive/2022/texmf-dist/tex/latex/geometry/geometry.sty
Package: geometry 2020/01/02 v5.9 Page Geometry
 (c:/texlive/2022/texmf-dist/tex/latex/graphics/keyval.sty
Package: keyval 2014/10/28 v1.15 key=value parser (DPC)
\KV@toks@=\toks18
) (c:/texlive/2022/texmf-dist/tex/generic/iftex/ifvtex.sty
Package: ifvtex 2019/10/25 v1.7 ifvtex legacy package. Use iftex instead.
)
\Gm@cnth=\count271
\Gm@cntv=\count272
\c@Gm@tempcnt=\count273
\Gm@bindingoffset=\dimen142
\Gm@wd@mp=\dimen143
\Gm@odd@mp=\dimen144
\Gm@even@mp=\dimen145
\Gm@layoutwidth=\dimen146
\Gm@layoutheight=\dimen147
\Gm@layouthoffset=\dimen148
\Gm@layoutvoffset=\dimen149
\Gm@dimlist=\toks19
)

Package ctex Warning: Command `\CTEXsetup' is deprecated.
(ctex)                \ctexset { section = { format={\Large \bfseries } } } is
(ctex)                set.

(c:/texlive/2022/texmf-dist/tex/latex/psnfss/helvet.sty
Package: helvet 2020/03/25 PSNFSS-v9.3 (WaS) 
) (c:/texlive/2022/texmf-dist/tex/latex/amsmath/amsmath.sty
Package: amsmath 2021/10/15 v2.17l AMS math features
\@mathmargin=\skip51

For additional information on amsmath, use the `?' option.
(c:/texlive/2022/texmf-dist/tex/latex/amsmath/amstext.sty
Package: amstext 2021/08/26 v2.01 AMS text
 (c:/texlive/2022/texmf-dist/tex/latex/amsmath/amsgen.sty
File: amsgen.sty 1999/11/30 v2.0 generic functions
\@emptytoks=\toks20
\ex@=\dimen150
)) (c:/texlive/2022/texmf-dist/tex/latex/amsmath/amsbsy.sty
Package: amsbsy 1999/11/29 v1.2d Bold Symbols
\pmbraise@=\dimen151
) (c:/texlive/2022/texmf-dist/tex/latex/amsmath/amsopn.sty
Package: amsopn 2021/08/26 v2.02 operator names
)
\inf@bad=\count274
LaTeX Info: Redefining \frac on input line 234.
\uproot@=\count275
\leftroot@=\count276
LaTeX Info: Redefining \overline on input line 399.
\classnum@=\count277
\DOTSCASE@=\count278
LaTeX Info: Redefining \ldots on input line 496.
LaTeX Info: Redefining \dots on input line 499.
LaTeX Info: Redefining \cdots on input line 620.
\Mathstrutbox@=\box53
\strutbox@=\box54
\big@size=\dimen152
LaTeX Font Info:    Redeclaring font encoding OML on input line 743.
LaTeX Font Info:    Redeclaring font encoding OMS on input line 744.
\macc@depth=\count279
\c@MaxMatrixCols=\count280
\dotsspace@=\muskip16
\c@parentequation=\count281
\dspbrk@lvl=\count282
\tag@help=\toks21
\row@=\count283
\column@=\count284
\maxfields@=\count285
\andhelp@=\toks22
\eqnshift@=\dimen153
\alignsep@=\dimen154
\tagshift@=\dimen155
\tagwidth@=\dimen156
\totwidth@=\dimen157
\lineht@=\dimen158
\@envbody=\toks23
\multlinegap=\skip52
\multlinetaggap=\skip53
\mathdisplay@stack=\toks24
LaTeX Info: Redefining \[ on input line 2938.
LaTeX Info: Redefining \] on input line 2939.
) (c:/texlive/2022/texmf-dist/tex/latex/amsfonts/amsfonts.sty
Package: amsfonts 2013/01/14 v3.01 Basic AMSFonts support
\symAMSa=\mathgroup4
\symAMSb=\mathgroup5
LaTeX Font Info:    Redeclaring math symbol \hbar on input line 98.
LaTeX Font Info:    Overwriting math alphabet `\mathfrak' in version `bold'
(Font)                  U/euf/m/n --> U/euf/b/n on input line 106.
) (c:/texlive/2022/texmf-dist/tex/latex/amsfonts/amssymb.sty
Package: amssymb 2013/01/14 v3.01 AMS font symbols
) (c:/texlive/2022/texmf-dist/tex/generic/babel/babel.sty
Package: babel 2022/02/26 3.73 The Babel package
\babel@savecnt=\count286
\U@D=\dimen159
\l@unhyphenated=\language87
 (c:/texlive/2022/texmf-dist/tex/generic/babel/txtbabel.def)
\bbl@readstream=\read2
\bbl@dirlevel=\count287
 (c:/texlive/2022/texmf-dist/tex/generic/babel-english/english.ldf
Language: english 2017/06/06 v3.3r English support from the babel system
Package babel Info: Hyphen rules for 'canadian' set to \l@english
(babel)             (\language0). Reported on input line 102.
Package babel Info: Hyphen rules for 'australian' set to \l@ukenglish
(babel)             (\language21). Reported on input line 105.
Package babel Info: Hyphen rules for 'newzealand' set to \l@ukenglish
(babel)             (\language21). Reported on input line 108.
)) (c:/texlive/2022/texmf-dist/tex/latex/graphics/color.sty
Package: color 2021/12/07 v1.3c Standard LaTeX Color (DPC)
 (c:/texlive/2022/texmf-dist/tex/latex/graphics-cfg/color.cfg
File: color.cfg 2016/01/02 v1.6 sample color configuration
)
Package color Info: Driver file: pdftex.def on input line 149.
 (c:/texlive/2022/texmf-dist/tex/latex/graphics-def/pdftex.def
File: pdftex.def 2020/10/05 v1.2a Graphics/color driver for pdftex
)) (c:/texlive/2022/texmf-dist/tex/latex/graphics/graphicx.sty
Package: graphicx 2021/09/16 v1.2d Enhanced LaTeX Graphics (DPC,SPQR)
 (c:/texlive/2022/texmf-dist/tex/latex/graphics/graphics.sty
Package: graphics 2021/03/04 v1.4d Standard LaTeX Graphics (DPC,SPQR)
 (c:/texlive/2022/texmf-dist/tex/latex/graphics/trig.sty
Package: trig 2021/08/11 v1.11 sin cos tan (DPC)
) (c:/texlive/2022/texmf-dist/tex/latex/graphics-cfg/graphics.cfg
File: graphics.cfg 2016/06/04 v1.11 sample graphics configuration
)
Package graphics Info: Driver file: pdftex.def on input line 107.
)
\Gin@req@height=\dimen160
\Gin@req@width=\dimen161
) (c:/texlive/2022/texmf-dist/tex/latex/subfig/subfig.sty
Package: subfig 2005/06/28 ver: 1.3 subfig package
 (c:/texlive/2022/texmf-dist/tex/latex/caption/caption.sty
Package: caption 2022/03/01 v3.6b Customizing captions (AR)
 (c:/texlive/2022/texmf-dist/tex/latex/caption/caption3.sty
Package: caption3 2022/03/17 v2.3b caption3 kernel (AR)
\caption@tempdima=\dimen162
\captionmargin=\dimen163
\caption@leftmargin=\dimen164
\caption@rightmargin=\dimen165
\caption@width=\dimen166
\caption@indent=\dimen167
\caption@parindent=\dimen168
\caption@hangindent=\dimen169
Package caption Info: Standard document class detected.
)
\c@caption@flags=\count288
\c@continuedfloat=\count289
)
\c@KVtest=\count290
\sf@farskip=\skip54
\sf@captopadj=\dimen170
\sf@capskip=\skip55
\sf@nearskip=\skip56
\c@subfigure=\count291
\c@subfigure@save=\count292
\c@lofdepth=\count293
\c@subtable=\count294
\c@subtable@save=\count295
\c@lotdepth=\count296
\sf@top=\skip57
\sf@bottom=\skip58
) (c:/texlive/2022/texmf-dist/tex/latex/url/url.sty
\Urlmuskip=\muskip17
Package: url 2013/09/16  ver 3.4  Verb mode for urls, etc.
) (c:/texlive/2022/texmf-dist/tex/latex/tools/bm.sty
Package: bm 2021/04/25 v1.2e Bold Symbol Support (DPC/FMi)
\symboldoperators=\mathgroup6
\symboldletters=\mathgroup7
\symboldsymbols=\mathgroup8
Package bm Info: No bold for \OMX/cmex/m/n, using \pmb.
Package bm Info: No bold for \U/msa/m/n, using \pmb.
Package bm Info: No bold for \U/msb/m/n, using \pmb.
LaTeX Font Info:    Redeclaring math alphabet \mathbf on input line 149.
) (c:/texlive/2022/texmf-dist/tex/latex/multirow/multirow.sty
Package: multirow 2021/03/15 v2.8 Span multiple rows of a table
\multirow@colwidth=\skip59
\multirow@cntb=\count297
\multirow@dima=\skip60
\bigstrutjot=\dimen171
) (c:/texlive/2022/texmf-dist/tex/latex/tools/longtable.sty
Package: longtable 2021-09-01 v4.17 Multi-page Table package (DPC)
\LTleft=\skip61
\LTright=\skip62
\LTpre=\skip63
\LTpost=\skip64
\LTchunksize=\count298
\LTcapwidth=\dimen172
\LT@head=\box55
\LT@firsthead=\box56
\LT@foot=\box57
\LT@lastfoot=\box58
\LT@gbox=\box59
\LT@cols=\count299
\LT@rows=\count300
\c@LT@tables=\count301
\c@LT@chunks=\count302
\LT@p@ftn=\toks25
) (c:/texlive/2022/texmf-dist/tex/latex/booktabs/booktabs.sty
Package: booktabs 2020/01/12 v1.61803398 Publication quality tables
\heavyrulewidth=\dimen173
\lightrulewidth=\dimen174
\cmidrulewidth=\dimen175
\belowrulesep=\dimen176
\belowbottomsep=\dimen177
\aboverulesep=\dimen178
\abovetopsep=\dimen179
\cmidrulesep=\dimen180
\cmidrulekern=\dimen181
\defaultaddspace=\dimen182
\@cmidla=\count303
\@cmidlb=\count304
\@aboverulesep=\dimen183
\@belowrulesep=\dimen184
\@thisruleclass=\count305
\@lastruleclass=\count306
\@thisrulewidth=\dimen185
) (c:/texlive/2022/texmf-dist/tex/latex/epstopdf-pkg/epstopdf.sty
Package: epstopdf 2020-01-24 v2.11 Conversion with epstopdf on the fly (HO)
 (c:/texlive/2022/texmf-dist/tex/generic/infwarerr/infwarerr.sty
Package: infwarerr 2019/12/03 v1.5 Providing info/warning/error messages (HO)
) (c:/texlive/2022/texmf-dist/tex/latex/grfext/grfext.sty
Package: grfext 2019/12/03 v1.3 Manage graphics extensions (HO)
 (c:/texlive/2022/texmf-dist/tex/generic/kvdefinekeys/kvdefinekeys.sty
Package: kvdefinekeys 2019-12-19 v1.6 Define keys (HO)
)) (c:/texlive/2022/texmf-dist/tex/latex/kvoptions/kvoptions.sty
Package: kvoptions 2020-10-07 v3.14 Key value format for package options (HO)
 (c:/texlive/2022/texmf-dist/tex/generic/ltxcmds/ltxcmds.sty
Package: ltxcmds 2020-05-10 v1.25 LaTeX kernel commands for general use (HO)
) (c:/texlive/2022/texmf-dist/tex/generic/kvsetkeys/kvsetkeys.sty
Package: kvsetkeys 2019/12/15 v1.18 Key value parser (HO)
)) (c:/texlive/2022/texmf-dist/tex/generic/pdftexcmds/pdftexcmds.sty
Package: pdftexcmds 2020-06-27 v0.33 Utility functions of pdfTeX for LuaTeX (HO)
Package pdftexcmds Info: \pdf@primitive is available.
Package pdftexcmds Info: \pdf@ifprimitive is available.
Package pdftexcmds Info: \pdfdraftmode found.
) (c:/texlive/2022/texmf-dist/tex/latex/epstopdf-pkg/epstopdf-base.sty
Package: epstopdf-base 2020-01-24 v2.11 Base part for package epstopdf
Package epstopdf-base Info: Redefining graphics rule for `.eps' on input line 485.
Package grfext Info: Graphics extension search list:
(grfext)             [.pdf,.png,.jpg,.mps,.jpeg,.jbig2,.jb2,.PDF,.PNG,.JPG,.JPEG,.JBIG2,.JB2,.eps]
(grfext)             \AppendGraphicsExtensions on input line 504.
 (c:/texlive/2022/texmf-dist/tex/latex/latexconfig/epstopdf-sys.cfg
File: epstopdf-sys.cfg 2010/07/13 v1.3 Configuration of (r)epstopdf for TeX Live
))) (c:/texlive/2022/texmf-dist/tex/latex/graphics/epsfig.sty
Package: epsfig 2017/06/25 v1.7b (e)psfig emulation (SPQR)
\epsfxsize=\dimen186
\epsfysize=\dimen187
) (c:/texlive/2022/texmf-dist/tex/latex/algorithms/algorithm.sty
Package: algorithm 2009/08/24 v0.1 Document Style `algorithm' - floating environment
 (c:/texlive/2022/texmf-dist/tex/latex/float/float.sty
Package: float 2001/11/08 v1.3d Float enhancements (AL)
\c@float@type=\count307
\float@exts=\toks26
\float@box=\box60
\@float@everytoks=\toks27
\@floatcapt=\box61
) (c:/texlive/2022/texmf-dist/tex/latex/base/ifthen.sty
Package: ifthen 2020/11/24 v1.1c Standard LaTeX ifthen package (DPC)
)
\@float@every@algorithm=\toks28
\c@algorithm=\count308
) (c:/texlive/2022/texmf-dist/tex/latex/algorithms/algorithmic.sty
Package: algorithmic 2009/08/24 v0.1 Document Style `algorithmic'
\c@ALC@unique=\count309
\c@ALC@line=\count310
\c@ALC@rem=\count311
\c@ALC@depth=\count312
\ALC@tlm=\skip65
\algorithmicindent=\skip66
) (c:/texlive/2022/texmf-dist/tex/latex/listings/listings.sty
\lst@mode=\count313
\lst@gtempboxa=\box62
\lst@token=\toks29
\lst@length=\count314
\lst@currlwidth=\dimen188
\lst@column=\count315
\lst@pos=\count316
\lst@lostspace=\dimen189
\lst@width=\dimen190
\lst@newlines=\count317
\lst@lineno=\count318
\lst@maxwidth=\dimen191
 (c:/texlive/2022/texmf-dist/tex/latex/listings/lstmisc.sty
File: lstmisc.sty 2020/03/24 1.8d (Carsten Heinz)
\c@lstnumber=\count319
\lst@skipnumbers=\count320
\lst@framebox=\box63
) (c:/texlive/2022/texmf-dist/tex/latex/listings/listings.cfg
File: listings.cfg 2020/03/24 1.8d listings configuration
))
Package: listings 2020/03/24 1.8d (Carsten Heinz)
 (c:/texlive/2022/texmf-dist/tex/latex/xcolor/xcolor.sty
Package: xcolor 2021/10/31 v2.13 LaTeX color extensions (UK)
 (c:/texlive/2022/texmf-dist/tex/latex/graphics-cfg/color.cfg
File: color.cfg 2016/01/02 v1.6 sample color configuration
)
Package xcolor Info: Driver file: pdftex.def on input line 227.
LaTeX Info: Redefining \color on input line 711.
Package xcolor Info: Model `cmy' substituted by `cmy0' on input line 1352.
Package xcolor Info: Model `hsb' substituted by `rgb' on input line 1356.
Package xcolor Info: Model `RGB' extended on input line 1368.
Package xcolor Info: Model `HTML' substituted by `rgb' on input line 1370.
Package xcolor Info: Model `Hsb' substituted by `hsb' on input line 1371.
Package xcolor Info: Model `tHsb' substituted by `hsb' on input line 1372.
Package xcolor Info: Model `HSB' substituted by `hsb' on input line 1373.
Package xcolor Info: Model `Gray' substituted by `gray' on input line 1374.
Package xcolor Info: Model `wave' substituted by `hsb' on input line 1375.
) (c:/texlive/2022/texmf-dist/tex/latex/listings/lstlang1.sty
File: lstlang1.sty 2020/03/24 1.8d listings language file
) (c:/texlive/2022/texmf-dist/tex/latex/fancyhdr/fancyhdr.sty
Package: fancyhdr 2021/01/28 v4.0.1 Extensive control of page headers and footers
\f@nch@headwidth=\skip67
\f@nch@O@elh=\skip68
\f@nch@O@erh=\skip69
\f@nch@O@olh=\skip70
\f@nch@O@orh=\skip71
\f@nch@O@elf=\skip72
\f@nch@O@erf=\skip73
\f@nch@O@olf=\skip74
\f@nch@O@orf=\skip75
) (c:/texlive/2022/texmf-dist/tex/latex/hyperref/hyperref.sty
Package: hyperref 2022-02-21 v7.00n Hypertext links for LaTeX
 (c:/texlive/2022/texmf-dist/tex/generic/pdfescape/pdfescape.sty
Package: pdfescape 2019/12/09 v1.15 Implements pdfTeX's escape features (HO)
) (c:/texlive/2022/texmf-dist/tex/latex/hycolor/hycolor.sty
Package: hycolor 2020-01-27 v1.10 Color options for hyperref/bookmark (HO)
) (c:/texlive/2022/texmf-dist/tex/latex/letltxmacro/letltxmacro.sty
Package: letltxmacro 2019/12/03 v1.6 Let assignment for LaTeX macros (HO)
) (c:/texlive/2022/texmf-dist/tex/latex/auxhook/auxhook.sty
Package: auxhook 2019-12-17 v1.6 Hooks for auxiliary files (HO)
)
\@linkdim=\dimen192
\Hy@linkcounter=\count321
\Hy@pagecounter=\count322
 (c:/texlive/2022/texmf-dist/tex/latex/hyperref/pd1enc.def
File: pd1enc.def 2022-02-21 v7.00n Hyperref: PDFDocEncoding definition (HO)
Now handling font encoding PD1 ...
... no UTF-8 mapping file for font encoding PD1
) (c:/texlive/2022/texmf-dist/tex/generic/intcalc/intcalc.sty
Package: intcalc 2019/12/15 v1.3 Expandable calculations with integers (HO)
) (c:/texlive/2022/texmf-dist/tex/generic/etexcmds/etexcmds.sty
Package: etexcmds 2019/12/15 v1.7 Avoid name clashes with e-TeX commands (HO)
)
\Hy@SavedSpaceFactor=\count323
 (c:/texlive/2022/texmf-dist/tex/latex/hyperref/puenc.def
File: puenc.def 2022-02-21 v7.00n Hyperref: PDF Unicode definition (HO)
Now handling font encoding PU ...
... no UTF-8 mapping file for font encoding PU
)
Package hyperref Info: Option `unicode' set `true' on input line 4018.
Package hyperref Info: Hyper figures OFF on input line 4137.
Package hyperref Info: Link nesting OFF on input line 4142.
Package hyperref Info: Hyper index ON on input line 4145.
Package hyperref Info: Plain pages OFF on input line 4152.
Package hyperref Info: Backreferencing OFF on input line 4157.
Package hyperref Info: Implicit mode ON; LaTeX internals redefined.
Package hyperref Info: Bookmarks ON on input line 4390.
\c@Hy@tempcnt=\count324
LaTeX Info: Redefining \url on input line 4749.
\XeTeXLinkMargin=\dimen193
 (c:/texlive/2022/texmf-dist/tex/generic/bitset/bitset.sty
Package: bitset 2019/12/09 v1.3 Handle bit-vector datatype (HO)
 (c:/texlive/2022/texmf-dist/tex/generic/bigintcalc/bigintcalc.sty
Package: bigintcalc 2019/12/15 v1.5 Expandable calculations on big integers (HO)
))
\Fld@menulength=\count325
\Field@Width=\dimen194
\Fld@charsize=\dimen195
Package hyperref Info: Hyper figures OFF on input line 6027.
Package hyperref Info: Link nesting OFF on input line 6032.
Package hyperref Info: Hyper index ON on input line 6035.
Package hyperref Info: backreferencing OFF on input line 6042.
Package hyperref Info: Link coloring OFF on input line 6047.
Package hyperref Info: Link coloring with OCG OFF on input line 6052.
Package hyperref Info: PDF/A mode OFF on input line 6057.
LaTeX Info: Redefining \ref on input line 6097.
LaTeX Info: Redefining \pageref on input line 6101.
 (c:/texlive/2022/texmf-dist/tex/latex/base/atbegshi-ltx.sty
Package: atbegshi-ltx 2021/01/10 v1.0c Emulation of the original atbegshi
package with kernel methods
)
\Hy@abspage=\count326
\c@Item=\count327
\c@Hfootnote=\count328
)
Package hyperref Info: Driver (autodetected): hpdftex.
 (c:/texlive/2022/texmf-dist/tex/latex/hyperref/hpdftex.def
File: hpdftex.def 2022-02-21 v7.00n Hyperref driver for pdfTeX
 (c:/texlive/2022/texmf-dist/tex/latex/base/atveryend-ltx.sty
Package: atveryend-ltx 2020/08/19 v1.0a Emulation of the original atveryend package
with kernel methods
)
\Fld@listcount=\count329
\c@bookmark@seq@number=\count330
 (c:/texlive/2022/texmf-dist/tex/latex/rerunfilecheck/rerunfilecheck.sty
Package: rerunfilecheck 2019/12/05 v1.9 Rerun checks for auxiliary files (HO)
 (c:/texlive/2022/texmf-dist/tex/generic/uniquecounter/uniquecounter.sty
Package: uniquecounter 2019/12/15 v1.4 Provide unlimited unique counter (HO)
)
Package uniquecounter Info: New unique counter `rerunfilecheck' on input line 286.
)
\Hy@SectionHShift=\skip76
)
Package hyperref Info: Option `colorlinks' set `true' on input line 101.


Package hyperref Warning: Option `bookmarks' has already been used,
(hyperref)                setting the option has no effect on input line 101.

Package hyperref Info: Option `unicode' set `true' on input line 101.
(c:/texlive/2022/texmf-dist/tex/latex/cjk/texinput/UTF8/UTF8.bdg
File: UTF8.bdg 2021/10/16 4.8.5
) (c:/texlive/2022/texmf-dist/tex/latex/cjk/texinput/UTF8/UTF8.enc
File: UTF8.enc 2021/10/16 4.8.5
) (c:/texlive/2022/texmf-dist/tex/latex/cjk/texinput/UTF8/UTF8.chr
File: UTF8.chr 2021/10/16 4.8.5
) (./4.aux

LaTeX Warning: Label `tab:1' multiply defined.


LaTeX Warning: Label `tab:1' multiply defined.


LaTeX Warning: Label `tab:1' multiply defined.


LaTeX Warning: Label `tab:1' multiply defined.

)
\openout1 = `4.aux'.

LaTeX Font Info:    Checking defaults for OML/cmm/m/it on input line 109.
LaTeX Font Info:    ... okay on input line 109.
LaTeX Font Info:    Checking defaults for OMS/cmsy/m/n on input line 109.
LaTeX Font Info:    ... okay on input line 109.
LaTeX Font Info:    Checking defaults for OT1/cmr/m/n on input line 109.
LaTeX Font Info:    ... okay on input line 109.
LaTeX Font Info:    Checking defaults for T1/cmr/m/n on input line 109.
LaTeX Font Info:    ... okay on input line 109.
LaTeX Font Info:    Checking defaults for TS1/cmr/m/n on input line 109.
LaTeX Font Info:    ... okay on input line 109.
LaTeX Font Info:    Checking defaults for OMX/cmex/m/n on input line 109.
LaTeX Font Info:    ... okay on input line 109.
LaTeX Font Info:    Checking defaults for U/cmr/m/n on input line 109.
LaTeX Font Info:    ... okay on input line 109.
LaTeX Font Info:    Checking defaults for C00/song/m/n on input line 109.
LaTeX Font Info:    ... okay on input line 109.
LaTeX Font Info:    Checking defaults for C05/song/m/n on input line 109.
LaTeX Font Info:    ... okay on input line 109.
LaTeX Font Info:    Checking defaults for C09/song/m/n on input line 109.
LaTeX Font Info:    ... okay on input line 109.
LaTeX Font Info:    Checking defaults for C10/song/m/n on input line 109.
LaTeX Font Info:    ... okay on input line 109.
LaTeX Font Info:    Checking defaults for C20/song/m/n on input line 109.
LaTeX Font Info:    ... okay on input line 109.
LaTeX Font Info:    Checking defaults for C19/song/m/n on input line 109.
LaTeX Font Info:    ... okay on input line 109.
LaTeX Font Info:    Checking defaults for C40/song/m/n on input line 109.
LaTeX Font Info:    ... okay on input line 109.
LaTeX Font Info:    Checking defaults for C42/song/m/n on input line 109.
LaTeX Font Info:    ... okay on input line 109.
LaTeX Font Info:    Checking defaults for C43/song/m/n on input line 109.
LaTeX Font Info:    ... okay on input line 109.
LaTeX Font Info:    Checking defaults for C50/song/m/n on input line 109.
LaTeX Font Info:    ... okay on input line 109.
LaTeX Font Info:    Checking defaults for C52/song/m/n on input line 109.
LaTeX Font Info:    ... okay on input line 109.
LaTeX Font Info:    Checking defaults for C49/song/m/n on input line 109.
LaTeX Font Info:    ... okay on input line 109.
LaTeX Font Info:    Checking defaults for C60/mj/m/n on input line 109.
LaTeX Font Info:    ... okay on input line 109.
LaTeX Font Info:    Checking defaults for C61/mj/m/n on input line 109.
LaTeX Font Info:    ... okay on input line 109.
LaTeX Font Info:    Checking defaults for C63/mj/m/n on input line 109.
LaTeX Font Info:    ... okay on input line 109.
LaTeX Font Info:    Checking defaults for C64/mj/m/n on input line 109.
LaTeX Font Info:    ... okay on input line 109.
LaTeX Font Info:    Checking defaults for C65/mj/m/n on input line 109.
LaTeX Font Info:    ... okay on input line 109.
LaTeX Font Info:    Checking defaults for C70/song/m/n on input line 109.
LaTeX Font Info:    ... okay on input line 109.
LaTeX Font Info:    Checking defaults for C31/song/m/n on input line 109.
LaTeX Font Info:    ... okay on input line 109.
LaTeX Font Info:    Checking defaults for C32/song/m/n on input line 109.
LaTeX Font Info:    ... okay on input line 109.
LaTeX Font Info:    Checking defaults for C33/song/m/n on input line 109.
LaTeX Font Info:    ... okay on input line 109.
LaTeX Font Info:    Checking defaults for C34/song/m/n on input line 109.
LaTeX Font Info:    ... okay on input line 109.
LaTeX Font Info:    Checking defaults for C35/song/m/n on input line 109.
LaTeX Font Info:    ... okay on input line 109.
LaTeX Font Info:    Checking defaults for C36/song/m/n on input line 109.
LaTeX Font Info:    ... okay on input line 109.
LaTeX Font Info:    Checking defaults for C37/song/m/n on input line 109.
LaTeX Font Info:    ... okay on input line 109.
LaTeX Font Info:    Checking defaults for C80/song/m/n on input line 109.
LaTeX Font Info:    ... okay on input line 109.
LaTeX Font Info:    Checking defaults for C81/song/m/n on input line 109.
LaTeX Font Info:    ... okay on input line 109.
LaTeX Font Info:    Checking defaults for C01/song/m/n on input line 109.
LaTeX Font Info:    ... okay on input line 109.
LaTeX Font Info:    Checking defaults for C11/song/m/n on input line 109.
LaTeX Font Info:    ... okay on input line 109.
LaTeX Font Info:    Checking defaults for C21/song/m/n on input line 109.
LaTeX Font Info:    ... okay on input line 109.
LaTeX Font Info:    Checking defaults for C41/song/m/n on input line 109.
LaTeX Font Info:    ... okay on input line 109.
LaTeX Font Info:    Checking defaults for C62/song/m/n on input line 109.
LaTeX Font Info:    ... okay on input line 109.
LaTeX Font Info:    Checking defaults for PD1/pdf/m/n on input line 109.
LaTeX Font Info:    ... okay on input line 109.
LaTeX Font Info:    Checking defaults for PU/pdf/m/n on input line 109.
LaTeX Font Info:    ... okay on input line 109.

*geometry* driver: auto-detecting
*geometry* detected driver: pdftex
*geometry* verbose mode - [ preamble ] result:
* driver: pdftex
* paper: a4paper
* layout: <same size as paper>
* layoutoffset:(h,v)=(0.0pt,0.0pt)
* modes: 
* h-part:(L,W,R)=(56.9055pt, 483.69687pt, 56.9055pt)
* v-part:(T,H,B)=(99.58464pt, 645.87756pt, 99.58464pt)
* \paperwidth=597.50787pt
* \paperheight=845.04684pt
* \textwidth=483.69687pt
* \textheight=645.87756pt
* \oddsidemargin=-15.36449pt
* \evensidemargin=-15.36449pt
* \topmargin=-9.68535pt
* \headheight=12.0pt
* \headsep=25.0pt
* \topskip=10.0pt
* \footskip=30.0pt
* \marginparwidth=57.0pt
* \marginparsep=11.0pt
* \columnsep=10.0pt
* \skip\footins=9.0pt plus 4.0pt minus 2.0pt
* \hoffset=0.0pt
* \voffset=0.0pt
* \mag=1000
* \@twocolumnfalse
* \@twosidefalse
* \@mparswitchfalse
* \@reversemarginfalse
* (1in=72.27pt=25.4mm, 1cm=28.453pt)

(c:/texlive/2022/texmf-dist/tex/context/base/mkii/supp-pdf.mkii
[Loading MPS to PDF converter (version 2006.09.02).]
\scratchcounter=\count331
\scratchdimen=\dimen196
\scratchbox=\box64
\nofMPsegments=\count332
\nofMParguments=\count333
\everyMPshowfont=\toks30
\MPscratchCnt=\count334
\MPscratchDim=\dimen197
\MPnumerator=\count335
\makeMPintoPDFobject=\count336
\everyMPtoPDFconversion=\toks31
)
Package caption Info: Begin \AtBeginDocument code.
Package caption Info: subfig package v1.3 is loaded.
Package caption Info: float package is loaded.
Package caption Info: hyperref package is loaded.
Package caption Info: listings package is loaded.
Package caption Info: longtable package is loaded.
 (c:/texlive/2022/texmf-dist/tex/latex/caption/ltcaption.sty
Package: ltcaption 2021/01/08 v1.4c longtable captions (AR)
)
Package caption Info: End \AtBeginDocument code.
\c@lstlisting=\count337
Package hyperref Info: Link coloring ON on input line 109.
 (c:/texlive/2022/texmf-dist/tex/latex/hyperref/nameref.sty
Package: nameref 2021-04-02 v2.47 Cross-referencing by name of section
 (c:/texlive/2022/texmf-dist/tex/latex/refcount/refcount.sty
Package: refcount 2019/12/15 v3.6 Data extraction from label references (HO)
) (c:/texlive/2022/texmf-dist/tex/generic/gettitlestring/gettitlestring.sty
Package: gettitlestring 2019/12/15 v1.6 Cleanup title references (HO)
)
\c@section@level=\count338
)
LaTeX Info: Redefining \ref on input line 109.
LaTeX Info: Redefining \pageref on input line 109.
LaTeX Info: Redefining \nameref on input line 109.
 (./4.out) (./4.out)
\@outlinefile=\write3
\openout3 = `4.out'.

LaTeX Font Info:    Trying to load font information for C70+rm on input line 111.
 (c:/texlive/2022/texmf-dist/tex/latex/ctex/fd/c70rm.fd
File: c70rm.fd 2021/12/12 v2.5.8 Chinese font definition (CTEX)
)
LaTeX Font Info:    Trying to load font information for U+msa on input line 111.
 (c:/texlive/2022/texmf-dist/tex/latex/amsfonts/umsa.fd
File: umsa.fd 2013/01/14 v3.01 AMS symbols A
)
LaTeX Font Info:    Trying to load font information for U+msb on input line 111.
 (c:/texlive/2022/texmf-dist/tex/latex/amsfonts/umsb.fd
File: umsb.fd 2013/01/14 v3.01 AMS symbols B
)
Package CJKpunct Info: use punctuation spaces for family 'rm' with punctstyle (quanjiao) on input line 114.
Package epstopdf Info: Source file: <1_100_lambda_origin_1.eps>
(epstopdf)                    date: 2023-12-08 18:56:24
(epstopdf)                    size: 100009 bytes
(epstopdf)             Output file: <1_100_lambda_origin_1-eps-converted-to.pdf>
(epstopdf)             Command: <repstopdf --outfile=1_100_lambda_origin_1-eps-converted-to.pdf 1_100_lambda_origin_1.eps>
(epstopdf)             \includegraphics on input line 148.
runsystem(repstopdf --outfile=1_100_lambda_origin_1-eps-converted-to.pdf 1_100_lambda_origin_1.eps)...executed safely (allowed).

Package epstopdf Info: Result file: <1_100_lambda_origin_1-eps-converted-to.pdf>
(epstopdf)                    date: 2023-12-13 16:55:14
(epstopdf)                    size: 35875 bytes.
<1_100_lambda_origin_1-eps-converted-to.pdf, id=110, 421.575pt x 316.18124pt>
File: 1_100_lambda_origin_1-eps-converted-to.pdf Graphic file (type pdf)
<use 1_100_lambda_origin_1-eps-converted-to.pdf>
Package pdftex.def Info: 1_100_lambda_origin_1-eps-converted-to.pdf  used on input line 148.
(pdftex.def)             Requested size: 193.47578pt x 145.1074pt.
Package epstopdf Info: Source file: <1_101_lambda_origin_1.eps>
(epstopdf)                    date: 2023-12-08 19:00:10
(epstopdf)                    size: 146034 bytes
(epstopdf)             Output file: <1_101_lambda_origin_1-eps-converted-to.pdf>
(epstopdf)             Command: <repstopdf --outfile=1_101_lambda_origin_1-eps-converted-to.pdf 1_101_lambda_origin_1.eps>
(epstopdf)             \includegraphics on input line 150.
runsystem(repstopdf --outfile=1_101_lambda_origin_1-eps-converted-to.pdf 1_101_lambda_origin_1.eps)...executed safely (allowed).

Package epstopdf Info: Result file: <1_101_lambda_origin_1-eps-converted-to.pdf>
(epstopdf)                    date: 2023-12-13 16:55:18
(epstopdf)                    size: 48016 bytes.
<1_101_lambda_origin_1-eps-converted-to.pdf, id=111, 421.575pt x 316.18124pt>
File: 1_101_lambda_origin_1-eps-converted-to.pdf Graphic file (type pdf)
<use 1_101_lambda_origin_1-eps-converted-to.pdf>
Package pdftex.def Info: 1_101_lambda_origin_1-eps-converted-to.pdf  used on input line 150.
(pdftex.def)             Requested size: 193.47578pt x 145.1074pt.
Package epstopdf Info: Source file: <1_100_x_origin_1.eps>
(epstopdf)                    date: 2023-12-13 14:32:56
(epstopdf)                    size: 99832 bytes
(epstopdf)             Output file: <1_100_x_origin_1-eps-converted-to.pdf>
(epstopdf)             Command: <repstopdf --outfile=1_100_x_origin_1-eps-converted-to.pdf 1_100_x_origin_1.eps>
(epstopdf)             \includegraphics on input line 156.
runsystem(repstopdf --outfile=1_100_x_origin_1-eps-converted-to.pdf 1_100_x_origin_1.eps)...executed safely (allowed).

Package epstopdf Info: Result file: <1_100_x_origin_1-eps-converted-to.pdf>
(epstopdf)                    date: 2023-12-13 16:55:22
(epstopdf)                    size: 33835 bytes.
<1_100_x_origin_1-eps-converted-to.pdf, id=112, 421.575pt x 316.18124pt>
File: 1_100_x_origin_1-eps-converted-to.pdf Graphic file (type pdf)
<use 1_100_x_origin_1-eps-converted-to.pdf>
Package pdftex.def Info: 1_100_x_origin_1-eps-converted-to.pdf  used on input line 156.
(pdftex.def)             Requested size: 193.47578pt x 145.1074pt.
Package epstopdf Info: Source file: <1_101_x_origin_1.eps>
(epstopdf)                    date: 2023-12-13 14:32:18
(epstopdf)                    size: 146976 bytes
(epstopdf)             Output file: <1_101_x_origin_1-eps-converted-to.pdf>
(epstopdf)             Command: <repstopdf --outfile=1_101_x_origin_1-eps-converted-to.pdf 1_101_x_origin_1.eps>
(epstopdf)             \includegraphics on input line 158.
runsystem(repstopdf --outfile=1_101_x_origin_1-eps-converted-to.pdf 1_101_x_origin_1.eps)...executed safely (allowed).

Package epstopdf Info: Result file: <1_101_x_origin_1-eps-converted-to.pdf>
(epstopdf)                    date: 2023-12-13 16:55:28
(epstopdf)                    size: 44971 bytes.
<1_101_x_origin_1-eps-converted-to.pdf, id=113, 421.575pt x 316.18124pt>
File: 1_101_x_origin_1-eps-converted-to.pdf Graphic file (type pdf)
<use 1_101_x_origin_1-eps-converted-to.pdf>
Package pdftex.def Info: 1_101_x_origin_1-eps-converted-to.pdf  used on input line 158.
(pdftex.def)             Requested size: 193.47578pt x 145.1074pt.
Package epstopdf Info: Source file: <1_100_lambda_atiken_1.eps>
(epstopdf)                    date: 2023-12-09 00:23:04
(epstopdf)                    size: 98187 bytes
(epstopdf)             Output file: <1_100_lambda_atiken_1-eps-converted-to.pdf>
(epstopdf)             Command: <repstopdf --outfile=1_100_lambda_atiken_1-eps-converted-to.pdf 1_100_lambda_atiken_1.eps>
(epstopdf)             \includegraphics on input line 164.
runsystem(repstopdf --outfile=1_100_lambda_atiken_1-eps-converted-to.pdf 1_100_lambda_atiken_1.eps)...executed safely (allowed).

Package epstopdf Info: Result file: <1_100_lambda_atiken_1-eps-converted-to.pdf>
(epstopdf)                    date: 2023-12-13 16:55:32
(epstopdf)                    size: 36984 bytes.
<1_100_lambda_atiken_1-eps-converted-to.pdf, id=114, 421.575pt x 316.18124pt>
File: 1_100_lambda_atiken_1-eps-converted-to.pdf Graphic file (type pdf)
<use 1_100_lambda_atiken_1-eps-converted-to.pdf>
Package pdftex.def Info: 1_100_lambda_atiken_1-eps-converted-to.pdf  used on input line 164.
(pdftex.def)             Requested size: 193.47578pt x 145.1074pt.
Package epstopdf Info: Source file: <1_101_lambda_atiken_1.eps>
(epstopdf)                    date: 2023-12-09 00:24:20
(epstopdf)                    size: 145908 bytes
(epstopdf)             Output file: <1_101_lambda_atiken_1-eps-converted-to.pdf>
(epstopdf)             Command: <repstopdf --outfile=1_101_lambda_atiken_1-eps-converted-to.pdf 1_101_lambda_atiken_1.eps>
(epstopdf)             \includegraphics on input line 166.
runsystem(repstopdf --outfile=1_101_lambda_atiken_1-eps-converted-to.pdf 1_101_lambda_atiken_1.eps)...executed safely (allowed).

Package epstopdf Info: Result file: <1_101_lambda_atiken_1-eps-converted-to.pdf>
(epstopdf)                    date: 2023-12-13 16:55:36
(epstopdf)                    size: 51638 bytes.
<1_101_lambda_atiken_1-eps-converted-to.pdf, id=115, 421.575pt x 316.18124pt>
File: 1_101_lambda_atiken_1-eps-converted-to.pdf Graphic file (type pdf)
<use 1_101_lambda_atiken_1-eps-converted-to.pdf>
Package pdftex.def Info: 1_101_lambda_atiken_1-eps-converted-to.pdf  used on input line 166.
(pdftex.def)             Requested size: 193.47578pt x 145.1074pt.
Package epstopdf Info: Source file: <1_100_lambda_rayleigh_1.eps>
(epstopdf)                    date: 2023-12-09 00:31:26
(epstopdf)                    size: 86863 bytes
(epstopdf)             Output file: <1_100_lambda_rayleigh_1-eps-converted-to.pdf>
(epstopdf)             Command: <repstopdf --outfile=1_100_lambda_rayleigh_1-eps-converted-to.pdf 1_100_lambda_rayleigh_1.eps>
(epstopdf)             \includegraphics on input line 172.
runsystem(repstopdf --outfile=1_100_lambda_rayleigh_1-eps-converted-to.pdf 1_100_lambda_rayleigh_1.eps)...executed safely (allowed).

Package epstopdf Info: Result file: <1_100_lambda_rayleigh_1-eps-converted-to.pdf>
(epstopdf)                    date: 2023-12-13 16:55:40
(epstopdf)                    size: 32703 bytes.
<1_100_lambda_rayleigh_1-eps-converted-to.pdf, id=116, 421.575pt x 316.18124pt>
File: 1_100_lambda_rayleigh_1-eps-converted-to.pdf Graphic file (type pdf)
<use 1_100_lambda_rayleigh_1-eps-converted-to.pdf>
Package pdftex.def Info: 1_100_lambda_rayleigh_1-eps-converted-to.pdf  used on input line 172.
(pdftex.def)             Requested size: 193.47578pt x 145.1074pt.
Package epstopdf Info: Source file: <1_101_lambda_rayleigh_1.eps>
(epstopdf)                    date: 2023-12-09 00:30:00
(epstopdf)                    size: 122620 bytes
(epstopdf)             Output file: <1_101_lambda_rayleigh_1-eps-converted-to.pdf>
(epstopdf)             Command: <repstopdf --outfile=1_101_lambda_rayleigh_1-eps-converted-to.pdf 1_101_lambda_rayleigh_1.eps>
(epstopdf)             \includegraphics on input line 174.
runsystem(repstopdf --outfile=1_101_lambda_rayleigh_1-eps-converted-to.pdf 1_101_lambda_rayleigh_1.eps)...executed safely (allowed).

Package epstopdf Info: Result file: <1_101_lambda_rayleigh_1-eps-converted-to.pdf>
(epstopdf)                    date: 2023-12-13 16:55:44
(epstopdf)                    size: 42203 bytes.
<1_101_lambda_rayleigh_1-eps-converted-to.pdf, id=117, 421.575pt x 316.18124pt>
File: 1_101_lambda_rayleigh_1-eps-converted-to.pdf Graphic file (type pdf)
<use 1_101_lambda_rayleigh_1-eps-converted-to.pdf>
Package pdftex.def Info: 1_101_lambda_rayleigh_1-eps-converted-to.pdf  used on input line 174.
(pdftex.def)             Requested size: 193.47578pt x 145.1074pt.
 (c:/texlive/2022/texmf-dist/tex/generic/ctex/zhmap/ctex-zhmap-windows.tex
File: ctex-zhmap-windows.tex 2021/12/12 v2.5.8 Windows font map loader for pdfTeX and DVIPDFMx (CTEX)
{c:/texlive/2022/texmf-var/fonts/map/pdftex/updmap/pdftex.map}{UGBK.sfd}{Unicode.sfd}) [1

]
Overfull \hbox (2.91441pt too wide) in paragraph at lines 178--179
\OT1/cmr/m/n/10 101$\C70/rm/m/n/10/65 ˆ|\C70/rm/m/n/10/ff ^^L| \C70/rm/m/n/10/67 * \C70/rm/m/n/10/91 « \C70/rm/m/n/10/75 ( \C70/rm/m/n/10/4e ˚ \C70/rm/m/n/10/4f U \C70/rm/m/n/10/52 † \C70/rm/m/n/10/90 ^^_ \C70/rm/m/n/10/62 Ä \C70/rm/m/n/10/67 / \C70/rm/m/n/10/76 Ñ \C70/rm/m/n/10/6b c \C70/rm/m/n/10/5e B \C70/rm/m/n/10/6c ’ \C70/rm/m/n/10/72 y \C70/rm/m/n/10/5f Å \C70/rm/m/n/10/50 < \C70/rm/m/n/10/76 ¯ \C70/rm/m/n/10/90 ª \C70/rm/m/n/10/8b Ô \C70/rm/m/n/10/5d Ó \C70/rm/m/n/10/52 ^^F + \C70/rm/m/n/10/57 ( \C70/rm/m/n/10/7e ¶\OT1/cmr/m/n/10 3500\C70/rm/m/n/10/6b e \C70/rm/m/n/10/54 å\OT1/cmr/m/n/10 7000\C70/rm/m/n/10/6b e \C70/rm/m/n/10/8f æ \C70/rm/m/n/10/52 0$\OT1/cmr/m/n/10 10[]$\C70/rm/m/n/10/91 œ \C70/rm/m/n/10/7e ß|\C70/rm/m/n/10/ff ^^L| \C70/rm/m/n/10/80 ^^L \C70/rm/m/n/10/5e î \C70/rm/m/n/10/75 (\OT1/cmr/m/n/10 Atiken\C70/rm/m/n/10/52 †
 []

[2 <./1_100_lambda_origin_1-eps-converted-to.pdf> <./1_101_lambda_origin_1-eps-converted-to.pdf> <./1_100_x_origin_1-eps-converted-to.pdf> <./1_101_x_origin_1-eps-converted-to.pdf>] [3 <./1_100_lambda_atiken_1-eps-converted-to.pdf> <./1_101_lambda_atiken_1-eps-converted-to.pdf> <./1_100_lambda_rayleigh_1-eps-converted-to.pdf> <./1_101_lambda_rayleigh_1-eps-converted-to.pdf>]
Overfull \hbox (9.61641pt too wide) in paragraph at lines 191--193
\C70/rm/m/n/10/51 ˙ \C70/rm/m/n/10/73 ∞ \C70/rm/m/n/10/8f Ÿ \C70/rm/m/n/10/79 Õ \C70/rm/m/n/10/60 ≈ \C70/rm/m/n/10/51 µ|\C70/rm/m/n/10/ff ^^L| \C70/rm/m/n/10/80 ^^C \C70/rm/m/n/10/86 Q \C70/rm/m/n/10/66 / \C70/rm/m/n/10/52 ^^] \C70/rm/m/n/10/59 À \C70/rm/m/n/10/72 y \C70/rm/m/n/10/5f Å \C70/rm/m/n/10/54 ^^Q \C70/rm/m/n/10/91 œ \C70/rm/m/n/10/57 ( \C70/rm/m/n/10/4e ; \C70/rm/m/n/10/72 y \C70/rm/m/n/10/5f Å \C70/rm/m/n/10/50 < \C70/rm/m/n/10/5b ˘ \C70/rm/m/n/10/5e î \C70/rm/m/n/10/72 y \C70/rm/m/n/10/5f Å \C70/rm/m/n/10/54 ^^Q \C70/rm/m/n/10/91 œ \C70/rm/m/n/10/4e 
 \C70/rm/m/n/10/76 Ñ \C70/rm/m/n/10/62 ï \C70/rm/m/n/10/5f q \C70/rm/m/n/10/52 ^^F \C70/rm/m/n/10/91 œ \C70/rm/m/n/10/7c ˚ \C70/rm/m/n/10/65 p$\OML/cmm/m/it/10 [] \OT1/cmr/m/n/10 = 0$|\C70/rm/m/n/10/30 ^^B| \C70/rm/m/n/10/65 9 \C70/rm/m/n/10/75 ($[] \OT1/cmr/m/n/10 = [0\OML/cmm/m/it/10 ; \OT1/cmr/m/n/10 1\OML/cmm/m/it/10 ; [] ; \OT1/cmr/m/n/10 1][]$\C70/rm/m/n/10/91 Õ
 []

Package epstopdf Info: Source file: <1_100_lambda_origin_0.eps>
(epstopdf)                    date: 2023-12-09 00:18:18
(epstopdf)                    size: 292398 bytes
(epstopdf)             Output file: <1_100_lambda_origin_0-eps-converted-to.pdf>
(epstopdf)             Command: <repstopdf --outfile=1_100_lambda_origin_0-eps-converted-to.pdf 1_100_lambda_origin_0.eps>
(epstopdf)             \includegraphics on input line 197.
runsystem(repstopdf --outfile=1_100_lambda_origin_0-eps-converted-to.pdf 1_100_lambda_origin_0.eps)...executed safely (allowed).

Package epstopdf Info: Result file: <1_100_lambda_origin_0-eps-converted-to.pdf>
(epstopdf)                    date: 2023-12-13 16:55:50
(epstopdf)                    size: 90304 bytes.
<1_100_lambda_origin_0-eps-converted-to.pdf, id=283, 421.575pt x 316.18124pt>
File: 1_100_lambda_origin_0-eps-converted-to.pdf Graphic file (type pdf)
<use 1_100_lambda_origin_0-eps-converted-to.pdf>
Package pdftex.def Info: 1_100_lambda_origin_0-eps-converted-to.pdf  used on input line 197.
(pdftex.def)             Requested size: 193.47578pt x 145.1074pt.
Package epstopdf Info: Source file: <1_101_lambda_origin_0.eps>
(epstopdf)                    date: 2023-12-09 00:14:40
(epstopdf)                    size: 326964 bytes
(epstopdf)             Output file: <1_101_lambda_origin_0-eps-converted-to.pdf>
(epstopdf)             Command: <repstopdf --outfile=1_101_lambda_origin_0-eps-converted-to.pdf 1_101_lambda_origin_0.eps>
(epstopdf)             \includegraphics on input line 199.
runsystem(repstopdf --outfile=1_101_lambda_origin_0-eps-converted-to.pdf 1_101_lambda_origin_0.eps)...executed safely (allowed).

Package epstopdf Info: Result file: <1_101_lambda_origin_0-eps-converted-to.pdf>
(epstopdf)                    date: 2023-12-13 16:55:56
(epstopdf)                    size: 74820 bytes.
<1_101_lambda_origin_0-eps-converted-to.pdf, id=284, 421.575pt x 316.18124pt>
File: 1_101_lambda_origin_0-eps-converted-to.pdf Graphic file (type pdf)
<use 1_101_lambda_origin_0-eps-converted-to.pdf>
Package pdftex.def Info: 1_101_lambda_origin_0-eps-converted-to.pdf  used on input line 199.
(pdftex.def)             Requested size: 193.47578pt x 145.1074pt.
Package epstopdf Info: Source file: <1_100_x_origin_0.eps>
(epstopdf)                    date: 2023-12-13 14:33:30
(epstopdf)                    size: 296009 bytes
(epstopdf)             Output file: <1_100_x_origin_0-eps-converted-to.pdf>
(epstopdf)             Command: <repstopdf --outfile=1_100_x_origin_0-eps-converted-to.pdf 1_100_x_origin_0.eps>
(epstopdf)             \includegraphics on input line 206.
runsystem(repstopdf --outfile=1_100_x_origin_0-eps-converted-to.pdf 1_100_x_origin_0.eps)...executed safely (allowed).

Package epstopdf Info: Result file: <1_100_x_origin_0-eps-converted-to.pdf>
(epstopdf)                    date: 2023-12-13 16:56:00
(epstopdf)                    size: 80872 bytes.
<1_100_x_origin_0-eps-converted-to.pdf, id=285, 421.575pt x 316.18124pt>
File: 1_100_x_origin_0-eps-converted-to.pdf Graphic file (type pdf)
<use 1_100_x_origin_0-eps-converted-to.pdf>
Package pdftex.def Info: 1_100_x_origin_0-eps-converted-to.pdf  used on input line 206.
(pdftex.def)             Requested size: 193.47578pt x 145.1074pt.
Package epstopdf Info: Source file: <1_101_x_origin_0.eps>
(epstopdf)                    date: 2023-12-13 14:34:28
(epstopdf)                    size: 337438 bytes
(epstopdf)             Output file: <1_101_x_origin_0-eps-converted-to.pdf>
(epstopdf)             Command: <repstopdf --outfile=1_101_x_origin_0-eps-converted-to.pdf 1_101_x_origin_0.eps>
(epstopdf)             \includegraphics on input line 208.
runsystem(repstopdf --outfile=1_101_x_origin_0-eps-converted-to.pdf 1_101_x_origin_0.eps)...executed safely (allowed).

Package epstopdf Info: Result file: <1_101_x_origin_0-eps-converted-to.pdf>
(epstopdf)                    date: 2023-12-13 16:56:04
(epstopdf)                    size: 94000 bytes.
<1_101_x_origin_0-eps-converted-to.pdf, id=286, 421.575pt x 316.18124pt>
File: 1_101_x_origin_0-eps-converted-to.pdf Graphic file (type pdf)
<use 1_101_x_origin_0-eps-converted-to.pdf>
Package pdftex.def Info: 1_101_x_origin_0-eps-converted-to.pdf  used on input line 208.
(pdftex.def)             Requested size: 193.47578pt x 145.1074pt.
Package epstopdf Info: Source file: <1_100_lambda_atiken_0.eps>
(epstopdf)                    date: 2023-12-09 00:26:32
(epstopdf)                    size: 293188 bytes
(epstopdf)             Output file: <1_100_lambda_atiken_0-eps-converted-to.pdf>
(epstopdf)             Command: <repstopdf --outfile=1_100_lambda_atiken_0-eps-converted-to.pdf 1_100_lambda_atiken_0.eps>
(epstopdf)             \includegraphics on input line 215.
runsystem(repstopdf --outfile=1_100_lambda_atiken_0-eps-converted-to.pdf 1_100_lambda_atiken_0.eps)...executed safely (allowed).

Package epstopdf Info: Result file: <1_100_lambda_atiken_0-eps-converted-to.pdf>
(epstopdf)                    date: 2023-12-13 16:56:08
(epstopdf)                    size: 96139 bytes.
<1_100_lambda_atiken_0-eps-converted-to.pdf, id=287, 421.575pt x 316.18124pt>
File: 1_100_lambda_atiken_0-eps-converted-to.pdf Graphic file (type pdf)
<use 1_100_lambda_atiken_0-eps-converted-to.pdf>
Package pdftex.def Info: 1_100_lambda_atiken_0-eps-converted-to.pdf  used on input line 215.
(pdftex.def)             Requested size: 193.47578pt x 145.1074pt.
Package epstopdf Info: Source file: <1_101_lambda_atiken_0.eps>
(epstopdf)                    date: 2023-12-09 00:28:08
(epstopdf)                    size: 254105 bytes
(epstopdf)             Output file: <1_101_lambda_atiken_0-eps-converted-to.pdf>
(epstopdf)             Command: <repstopdf --outfile=1_101_lambda_atiken_0-eps-converted-to.pdf 1_101_lambda_atiken_0.eps>
(epstopdf)             \includegraphics on input line 217.
runsystem(repstopdf --outfile=1_101_lambda_atiken_0-eps-converted-to.pdf 1_101_lambda_atiken_0.eps)...executed safely (allowed).

Package epstopdf Info: Result file: <1_101_lambda_atiken_0-eps-converted-to.pdf>
(epstopdf)                    date: 2023-12-13 16:56:12
(epstopdf)                    size: 73202 bytes.
<1_101_lambda_atiken_0-eps-converted-to.pdf, id=288, 421.575pt x 316.18124pt>
File: 1_101_lambda_atiken_0-eps-converted-to.pdf Graphic file (type pdf)
<use 1_101_lambda_atiken_0-eps-converted-to.pdf>
Package pdftex.def Info: 1_101_lambda_atiken_0-eps-converted-to.pdf  used on input line 217.
(pdftex.def)             Requested size: 193.47578pt x 145.1074pt.
Package epstopdf Info: Source file: <1_100_lambda_rayleigh_0.eps>
(epstopdf)                    date: 2023-12-09 00:33:04
(epstopdf)                    size: 243249 bytes
(epstopdf)             Output file: <1_100_lambda_rayleigh_0-eps-converted-to.pdf>
(epstopdf)             Command: <repstopdf --outfile=1_100_lambda_rayleigh_0-eps-converted-to.pdf 1_100_lambda_rayleigh_0.eps>
(epstopdf)             \includegraphics on input line 224.
runsystem(repstopdf --outfile=1_100_lambda_rayleigh_0-eps-converted-to.pdf 1_100_lambda_rayleigh_0.eps)...executed safely (allowed).

Package epstopdf Info: Result file: <1_100_lambda_rayleigh_0-eps-converted-to.pdf>
(epstopdf)                    date: 2023-12-13 16:56:16
(epstopdf)                    size: 75017 bytes.
<1_100_lambda_rayleigh_0-eps-converted-to.pdf, id=289, 421.575pt x 316.18124pt>
File: 1_100_lambda_rayleigh_0-eps-converted-to.pdf Graphic file (type pdf)
<use 1_100_lambda_rayleigh_0-eps-converted-to.pdf>
Package pdftex.def Info: 1_100_lambda_rayleigh_0-eps-converted-to.pdf  used on input line 224.
(pdftex.def)             Requested size: 193.47578pt x 145.1074pt.
Package epstopdf Info: Source file: <1_101_lambda_rayleigh_0.eps>
(epstopdf)                    date: 2023-12-09 00:34:10
(epstopdf)                    size: 280623 bytes
(epstopdf)             Output file: <1_101_lambda_rayleigh_0-eps-converted-to.pdf>
(epstopdf)             Command: <repstopdf --outfile=1_101_lambda_rayleigh_0-eps-converted-to.pdf 1_101_lambda_rayleigh_0.eps>
(epstopdf)             \includegraphics on input line 226.
runsystem(repstopdf --outfile=1_101_lambda_rayleigh_0-eps-converted-to.pdf 1_101_lambda_rayleigh_0.eps)...executed safely (allowed).

Package epstopdf Info: Result file: <1_101_lambda_rayleigh_0-eps-converted-to.pdf>
(epstopdf)                    date: 2023-12-13 16:56:20
(epstopdf)                    size: 90520 bytes.
<1_101_lambda_rayleigh_0-eps-converted-to.pdf, id=290, 421.575pt x 316.18124pt>
File: 1_101_lambda_rayleigh_0-eps-converted-to.pdf Graphic file (type pdf)
<use 1_101_lambda_rayleigh_0-eps-converted-to.pdf>
Package pdftex.def Info: 1_101_lambda_rayleigh_0-eps-converted-to.pdf  used on input line 226.
(pdftex.def)             Requested size: 193.47578pt x 145.1074pt.
[4 <./1_100_lambda_origin_0-eps-converted-to.pdf> <./1_101_lambda_origin_0-eps-converted-to.pdf> <./1_100_x_origin_0-eps-converted-to.pdf> <./1_101_x_origin_0-eps-converted-to.pdf>] [5 <./1_100_lambda_atiken_0-eps-converted-to.pdf> <./1_101_lambda_atiken_0-eps-converted-to.pdf> <./1_100_lambda_rayleigh_0-eps-converted-to.pdf> <./1_101_lambda_rayleigh_0-eps-converted-to.pdf>]
Package epstopdf Info: Source file: <2_100_lambda_2.eps>
(epstopdf)                    date: 2023-12-08 18:32:36
(epstopdf)                    size: 18908 bytes
(epstopdf)             Output file: <2_100_lambda_2-eps-converted-to.pdf>
(epstopdf)             Command: <repstopdf --outfile=2_100_lambda_2-eps-converted-to.pdf 2_100_lambda_2.eps>
(epstopdf)             \includegraphics on input line 255.
runsystem(repstopdf --outfile=2_100_lambda_2-eps-converted-to.pdf 2_100_lambda_2.eps)...executed safely (allowed).

Package epstopdf Info: Result file: <2_100_lambda_2-eps-converted-to.pdf>
(epstopdf)                    date: 2023-12-13 16:56:26
(epstopdf)                    size: 6452 bytes.
<2_100_lambda_2-eps-converted-to.pdf, id=353, 421.575pt x 316.18124pt>
File: 2_100_lambda_2-eps-converted-to.pdf Graphic file (type pdf)
<use 2_100_lambda_2-eps-converted-to.pdf>
Package pdftex.def Info: 2_100_lambda_2-eps-converted-to.pdf  used on input line 255.
(pdftex.def)             Requested size: 193.47578pt x 145.1074pt.
Package epstopdf Info: Source file: <2_100_lambda_3.eps>
(epstopdf)                    date: 2023-12-08 18:42:12
(epstopdf)                    size: 19498 bytes
(epstopdf)             Output file: <2_100_lambda_3-eps-converted-to.pdf>
(epstopdf)             Command: <repstopdf --outfile=2_100_lambda_3-eps-converted-to.pdf 2_100_lambda_3.eps>
(epstopdf)             \includegraphics on input line 257.
runsystem(repstopdf --outfile=2_100_lambda_3-eps-converted-to.pdf 2_100_lambda_3.eps)...executed safely (allowed).

Package epstopdf Info: Result file: <2_100_lambda_3-eps-converted-to.pdf>
(epstopdf)                    date: 2023-12-13 16:56:30
(epstopdf)                    size: 6922 bytes.
<2_100_lambda_3-eps-converted-to.pdf, id=354, 421.575pt x 316.18124pt>
File: 2_100_lambda_3-eps-converted-to.pdf Graphic file (type pdf)
<use 2_100_lambda_3-eps-converted-to.pdf>
Package pdftex.def Info: 2_100_lambda_3-eps-converted-to.pdf  used on input line 257.
(pdftex.def)             Requested size: 193.47578pt x 145.1074pt.
Package epstopdf Info: Source file: <2_100_x_2.eps>
(epstopdf)                    date: 2023-12-08 18:32:06
(epstopdf)                    size: 18216 bytes
(epstopdf)             Output file: <2_100_x_2-eps-converted-to.pdf>
(epstopdf)             Command: <repstopdf --outfile=2_100_x_2-eps-converted-to.pdf 2_100_x_2.eps>
(epstopdf)             \includegraphics on input line 264.
runsystem(repstopdf --outfile=2_100_x_2-eps-converted-to.pdf 2_100_x_2.eps)...executed safely (allowed).

Package epstopdf Info: Result file: <2_100_x_2-eps-converted-to.pdf>
(epstopdf)                    date: 2023-12-13 16:56:34
(epstopdf)                    size: 6540 bytes.
<2_100_x_2-eps-converted-to.pdf, id=355, 421.575pt x 316.18124pt>
File: 2_100_x_2-eps-converted-to.pdf Graphic file (type pdf)
<use 2_100_x_2-eps-converted-to.pdf>
Package pdftex.def Info: 2_100_x_2-eps-converted-to.pdf  used on input line 264.
(pdftex.def)             Requested size: 193.47578pt x 145.1074pt.
Package epstopdf Info: Source file: <2_100_x_3.eps>
(epstopdf)                    date: 2023-12-08 18:41:44
(epstopdf)                    size: 17844 bytes
(epstopdf)             Output file: <2_100_x_3-eps-converted-to.pdf>
(epstopdf)             Command: <repstopdf --outfile=2_100_x_3-eps-converted-to.pdf 2_100_x_3.eps>
(epstopdf)             \includegraphics on input line 266.
runsystem(repstopdf --outfile=2_100_x_3-eps-converted-to.pdf 2_100_x_3.eps)...executed safely (allowed).

Package epstopdf Info: Result file: <2_100_x_3-eps-converted-to.pdf>
(epstopdf)                    date: 2023-12-13 16:56:38
(epstopdf)                    size: 6606 bytes.
<2_100_x_3-eps-converted-to.pdf, id=356, 421.575pt x 316.18124pt>
File: 2_100_x_3-eps-converted-to.pdf Graphic file (type pdf)
<use 2_100_x_3-eps-converted-to.pdf>
Package pdftex.def Info: 2_100_x_3-eps-converted-to.pdf  used on input line 266.
(pdftex.def)             Requested size: 193.47578pt x 145.1074pt.
Package epstopdf Info: Source file: <2_101_lambda_2.eps>
(epstopdf)                    date: 2023-12-08 18:36:26
(epstopdf)                    size: 19343 bytes
(epstopdf)             Output file: <2_101_lambda_2-eps-converted-to.pdf>
(epstopdf)             Command: <repstopdf --outfile=2_101_lambda_2-eps-converted-to.pdf 2_101_lambda_2.eps>
(epstopdf)             \includegraphics on input line 273.
runsystem(repstopdf --outfile=2_101_lambda_2-eps-converted-to.pdf 2_101_lambda_2.eps)...executed safely (allowed).

Package epstopdf Info: Result file: <2_101_lambda_2-eps-converted-to.pdf>
(epstopdf)                    date: 2023-12-13 16:56:42
(epstopdf)                    size: 6803 bytes.
<2_101_lambda_2-eps-converted-to.pdf, id=357, 421.575pt x 316.18124pt>
File: 2_101_lambda_2-eps-converted-to.pdf Graphic file (type pdf)
<use 2_101_lambda_2-eps-converted-to.pdf>
Package pdftex.def Info: 2_101_lambda_2-eps-converted-to.pdf  used on input line 273.
(pdftex.def)             Requested size: 193.47578pt x 145.1074pt.
Package epstopdf Info: Source file: <2_101_lambda_3.eps>
(epstopdf)                    date: 2023-12-08 18:39:06
(epstopdf)                    size: 18528 bytes
(epstopdf)             Output file: <2_101_lambda_3-eps-converted-to.pdf>
(epstopdf)             Command: <repstopdf --outfile=2_101_lambda_3-eps-converted-to.pdf 2_101_lambda_3.eps>
(epstopdf)             \includegraphics on input line 275.
runsystem(repstopdf --outfile=2_101_lambda_3-eps-converted-to.pdf 2_101_lambda_3.eps)...executed safely (allowed).

Package epstopdf Info: Result file: <2_101_lambda_3-eps-converted-to.pdf>
(epstopdf)                    date: 2023-12-13 16:56:46
(epstopdf)                    size: 6516 bytes.
<2_101_lambda_3-eps-converted-to.pdf, id=358, 421.575pt x 316.18124pt>
File: 2_101_lambda_3-eps-converted-to.pdf Graphic file (type pdf)
<use 2_101_lambda_3-eps-converted-to.pdf>
Package pdftex.def Info: 2_101_lambda_3-eps-converted-to.pdf  used on input line 275.
(pdftex.def)             Requested size: 193.47578pt x 145.1074pt.
Package epstopdf Info: Source file: <2_101_x_2.eps>
(epstopdf)                    date: 2023-12-08 18:35:52
(epstopdf)                    size: 17429 bytes
(epstopdf)             Output file: <2_101_x_2-eps-converted-to.pdf>
(epstopdf)             Command: <repstopdf --outfile=2_101_x_2-eps-converted-to.pdf 2_101_x_2.eps>
(epstopdf)             \includegraphics on input line 282.
runsystem(repstopdf --outfile=2_101_x_2-eps-converted-to.pdf 2_101_x_2.eps)...executed safely (allowed).

Package epstopdf Info: Result file: <2_101_x_2-eps-converted-to.pdf>
(epstopdf)                    date: 2023-12-13 16:56:50
(epstopdf)                    size: 6339 bytes.
<2_101_x_2-eps-converted-to.pdf, id=359, 421.575pt x 316.18124pt>
File: 2_101_x_2-eps-converted-to.pdf Graphic file (type pdf)
<use 2_101_x_2-eps-converted-to.pdf>
Package pdftex.def Info: 2_101_x_2-eps-converted-to.pdf  used on input line 282.
(pdftex.def)             Requested size: 193.47578pt x 145.1074pt.
Package epstopdf Info: Source file: <2_101_x_3.eps>
(epstopdf)                    date: 2023-12-08 18:38:28
(epstopdf)                    size: 17772 bytes
(epstopdf)             Output file: <2_101_x_3-eps-converted-to.pdf>
(epstopdf)             Command: <repstopdf --outfile=2_101_x_3-eps-converted-to.pdf 2_101_x_3.eps>
(epstopdf)             \includegraphics on input line 284.
runsystem(repstopdf --outfile=2_101_x_3-eps-converted-to.pdf 2_101_x_3.eps)...executed safely (allowed).

Package epstopdf Info: Result file: <2_101_x_3-eps-converted-to.pdf>
(epstopdf)                    date: 2023-12-13 16:56:54
(epstopdf)                    size: 6567 bytes.
<2_101_x_3-eps-converted-to.pdf, id=360, 421.575pt x 316.18124pt>
File: 2_101_x_3-eps-converted-to.pdf Graphic file (type pdf)
<use 2_101_x_3-eps-converted-to.pdf>
Package pdftex.def Info: 2_101_x_3-eps-converted-to.pdf  used on input line 284.
(pdftex.def)             Requested size: 193.47578pt x 145.1074pt.
 [6 <./2_100_lambda_2-eps-converted-to.pdf> <./2_100_lambda_3-eps-converted-to.pdf> <./2_100_x_2-eps-converted-to.pdf> <./2_100_x_3-eps-converted-to.pdf>] [7 <./2_101_lambda_2-eps-converted-to.pdf> <./2_101_lambda_3-eps-converted-to.pdf> <./2_101_x_2-eps-converted-to.pdf> <./2_101_x_3-eps-converted-to.pdf>]
Package epstopdf Info: Source file: <3.eps>
(epstopdf)                    date: 2023-12-08 18:49:58
(epstopdf)                    size: 19667 bytes
(epstopdf)             Output file: <3-eps-converted-to.pdf>
(epstopdf)             Command: <repstopdf --outfile=3-eps-converted-to.pdf 3.eps>
(epstopdf)             \includegraphics on input line 305.
runsystem(repstopdf --outfile=3-eps-converted-to.pdf 3.eps)...executed safely (allowed).

Package epstopdf Info: Result file: <3-eps-converted-to.pdf>
(epstopdf)                    date: 2023-12-13 16:56:58
(epstopdf)                    size: 6823 bytes.
<3-eps-converted-to.pdf, id=424, 421.575pt x 316.18124pt>
File: 3-eps-converted-to.pdf Graphic file (type pdf)
<use 3-eps-converted-to.pdf>
Package pdftex.def Info: 3-eps-converted-to.pdf  used on input line 305.
(pdftex.def)             Requested size: 398.34544pt x 284.546pt.

Overfull \hbox (9.06053pt too wide) in paragraph at lines 311--312
[]\C70/rm/m/n/10/7e √ \C70/rm/m/n/10/4e `\OT1/cmr/m/n/10 6.4.4\C70/rm/m/n/10/4e - \C70/rm/m/n/10/4f ^^? \C70/rm/m/n/10/75 ( \C70/rm/m/n/10/65 6 \C70/rm/m/n/10/7f ) \C70/rm/m/n/10/62 Ä \C70/rm/m/n/10/67 /\OT1/cmtt/m/n/10 deflation()\C70/rm/m/n/10/54 å ^^L \C70/rm/m/n/10/65 ˆ \C70/rm/m/n/10/8f Ì \C70/rm/m/n/10/4e „ \C70/rm/m/n/10/62 Ä \C70/rm/m/n/10/67 /\OT1/cmtt/m/n/10 iterate[]meanwhile[]method()\C70/rm/m/n/10/52 ^^F + \C70/rm/m/n/10/6c B \C70/rm/m/n/10/89 „$\OML/cmm/m/it/10 n \OT1/cmr/m/n/10 = 100$\C70/rm/m/n/10/54 å$\OML/cmm/m/it/10 n \OT1/cmr/m/n/10 =
 []

Package epstopdf Info: Source file: <5_classical_e.eps>
(epstopdf)                    date: 2023-12-05 15:19:46
(epstopdf)                    size: 450755 bytes
(epstopdf)             Output file: <5_classical_e-eps-converted-to.pdf>
(epstopdf)             Command: <repstopdf --outfile=5_classical_e-eps-converted-to.pdf 5_classical_e.eps>
(epstopdf)             \includegraphics on input line 352.
runsystem(repstopdf --outfile=5_classical_e-eps-converted-to.pdf 5_classical_e.eps)...executed safely (allowed).

Package epstopdf Info: Result file: <5_classical_e-eps-converted-to.pdf>
(epstopdf)                    date: 2023-12-13 16:57:02
(epstopdf)                    size: 145563 bytes.
<5_classical_e-eps-converted-to.pdf, id=426, 421.575pt x 316.18124pt>
File: 5_classical_e-eps-converted-to.pdf Graphic file (type pdf)
<use 5_classical_e-eps-converted-to.pdf>
Package pdftex.def Info: 5_classical_e-eps-converted-to.pdf  used on input line 352.
(pdftex.def)             Requested size: 193.47578pt x 145.1074pt.
Package epstopdf Info: Source file: <5_classical_d.eps>
(epstopdf)                    date: 2023-12-05 15:20:12
(epstopdf)                    size: 450852 bytes
(epstopdf)             Output file: <5_classical_d-eps-converted-to.pdf>
(epstopdf)             Command: <repstopdf --outfile=5_classical_d-eps-converted-to.pdf 5_classical_d.eps>
(epstopdf)             \includegraphics on input line 354.
runsystem(repstopdf --outfile=5_classical_d-eps-converted-to.pdf 5_classical_d.eps)...executed safely (allowed).

Package epstopdf Info: Result file: <5_classical_d-eps-converted-to.pdf>
(epstopdf)                    date: 2023-12-13 16:57:08
(epstopdf)                    size: 155199 bytes.
<5_classical_d-eps-converted-to.pdf, id=427, 421.575pt x 316.18124pt>
File: 5_classical_d-eps-converted-to.pdf Graphic file (type pdf)
<use 5_classical_d-eps-converted-to.pdf>
Package pdftex.def Info: 5_classical_d-eps-converted-to.pdf  used on input line 354.
(pdftex.def)             Requested size: 193.47578pt x 145.1074pt.
[8 <./3-eps-converted-to.pdf>]
Package epstopdf Info: Source file: <5_loop_e.eps>
(epstopdf)                    date: 2023-12-05 15:21:18
(epstopdf)                    size: 19544 bytes
(epstopdf)             Output file: <5_loop_e-eps-converted-to.pdf>
(epstopdf)             Command: <repstopdf --outfile=5_loop_e-eps-converted-to.pdf 5_loop_e.eps>
(epstopdf)             \includegraphics on input line 361.
runsystem(repstopdf --outfile=5_loop_e-eps-converted-to.pdf 5_loop_e.eps)...executed safely (allowed).

Package epstopdf Info: Result file: <5_loop_e-eps-converted-to.pdf>
(epstopdf)                    date: 2023-12-13 16:57:12
(epstopdf)                    size: 6760 bytes.
<5_loop_e-eps-converted-to.pdf, id=439, 421.575pt x 316.18124pt>
File: 5_loop_e-eps-converted-to.pdf Graphic file (type pdf)
<use 5_loop_e-eps-converted-to.pdf>
Package pdftex.def Info: 5_loop_e-eps-converted-to.pdf  used on input line 361.
(pdftex.def)             Requested size: 193.47578pt x 145.1074pt.
Package epstopdf Info: Source file: <5_loop_d.eps>
(epstopdf)                    date: 2023-12-05 15:20:52
(epstopdf)                    size: 19434 bytes
(epstopdf)             Output file: <5_loop_d-eps-converted-to.pdf>
(epstopdf)             Command: <repstopdf --outfile=5_loop_d-eps-converted-to.pdf 5_loop_d.eps>
(epstopdf)             \includegraphics on input line 363.
runsystem(repstopdf --outfile=5_loop_d-eps-converted-to.pdf 5_loop_d.eps)...executed safely (allowed).

Package epstopdf Info: Result file: <5_loop_d-eps-converted-to.pdf>
(epstopdf)                    date: 2023-12-13 16:57:16
(epstopdf)                    size: 6778 bytes.
<5_loop_d-eps-converted-to.pdf, id=440, 421.575pt x 316.18124pt>
File: 5_loop_d-eps-converted-to.pdf Graphic file (type pdf)
<use 5_loop_d-eps-converted-to.pdf>
Package pdftex.def Info: 5_loop_d-eps-converted-to.pdf  used on input line 363.
(pdftex.def)             Requested size: 193.47578pt x 145.1074pt.
Package epstopdf Info: Source file: <5_threshold_e.eps>
(epstopdf)                    date: 2023-12-05 15:22:38
(epstopdf)                    size: 19627 bytes
(epstopdf)             Output file: <5_threshold_e-eps-converted-to.pdf>
(epstopdf)             Command: <repstopdf --outfile=5_threshold_e-eps-converted-to.pdf 5_threshold_e.eps>
(epstopdf)             \includegraphics on input line 370.
runsystem(repstopdf --outfile=5_threshold_e-eps-converted-to.pdf 5_threshold_e.eps)...executed safely (allowed).

Package epstopdf Info: Result file: <5_threshold_e-eps-converted-to.pdf>
(epstopdf)                    date: 2023-12-13 16:57:20
(epstopdf)                    size: 6801 bytes.
<5_threshold_e-eps-converted-to.pdf, id=441, 421.575pt x 316.18124pt>
File: 5_threshold_e-eps-converted-to.pdf Graphic file (type pdf)
<use 5_threshold_e-eps-converted-to.pdf>
Package pdftex.def Info: 5_threshold_e-eps-converted-to.pdf  used on input line 370.
(pdftex.def)             Requested size: 193.47578pt x 145.1074pt.
Package epstopdf Info: Source file: <5_threshold_d.eps>
(epstopdf)                    date: 2023-12-05 15:22:18
(epstopdf)                    size: 19443 bytes
(epstopdf)             Output file: <5_threshold_d-eps-converted-to.pdf>
(epstopdf)             Command: <repstopdf --outfile=5_threshold_d-eps-converted-to.pdf 5_threshold_d.eps>
(epstopdf)             \includegraphics on input line 372.
runsystem(repstopdf --outfile=5_threshold_d-eps-converted-to.pdf 5_threshold_d.eps)...executed safely (allowed).

Package epstopdf Info: Result file: <5_threshold_d-eps-converted-to.pdf>
(epstopdf)                    date: 2023-12-13 16:57:24
(epstopdf)                    size: 6793 bytes.
<5_threshold_d-eps-converted-to.pdf, id=442, 421.575pt x 316.18124pt>
File: 5_threshold_d-eps-converted-to.pdf Graphic file (type pdf)
<use 5_threshold_d-eps-converted-to.pdf>
Package pdftex.def Info: 5_threshold_d-eps-converted-to.pdf  used on input line 372.
(pdftex.def)             Requested size: 193.47578pt x 145.1074pt.

Overfull \hbox (12.05286pt too wide) in paragraph at lines 388--389
[]\C70/rm/m/n/10/7e √ \C70/rm/m/n/10/4e `\OT1/cmr/m/n/10 6.4.6\C70/rm/m/n/10/76 Ñ \C70/rm/m/n/10/5b û \C70/rm/m/n/10/9a å \C70/rm/m/n/10/7e ” \C70/rm/m/n/10/67 ú \C70/rm/m/n/10/59 Ç \C70/rm/m/n/10/4e  \C70/rm/m/n/10/62 @ \C70/rm/m/n/10/79 :|\C70/rm/m/n/10/ff ^^L| \C70/rm/m/n/10/51 v \C70/rm/m/n/10/4e -\OT1/cmr/m/n/10 Figure 17\C70/rm/m/n/10/4f \ \C70/rm/m/n/10/51 ˙ \C70/rm/m/n/10/4e Ü \C70/rm/m/n/10/54 ^^D \C70/rm/m/n/10/83 ^^C \C70/rm/m/n/10/56 Ù \C70/rm/m/n/10/51 Ö \C70/rm/m/n/10/72 y \C70/rm/m/n/10/5f Å \C70/rm/m/n/10/50 < \C70/rm/m/n/10/76 Ñ \C70/rm/m/n/10/8b Ô \C70/rm/m/n/10/5d Ó \C70/rm/m/n/10/66 Ú \C70/rm/m/n/10/7e ø|\C70/rm/m/n/10/ff ^^L| \C70/rm/m/n/10/88 h\OT1/cmr/m/n/10 3\C70/rm/m/n/10/54 å \C70/rm/m/n/10/88 h\OT1/cmr/m/n/10 4\C70/rm/m/n/10/7e Ÿ \C70/rm/m/n/10/51 ˙ \C70/rm/m/n/10/4e Ü\OT1/cmtt/m/n/10 sturm()\C70/rm/m/n/10/67 ^^@
 []

[9 <./5_classical_e-eps-converted-to.pdf> <./5_classical_d-eps-converted-to.pdf>] [10 <./5_loop_e-eps-converted-to.pdf> <./5_loop_d-eps-converted-to.pdf> <./5_threshold_e-eps-converted-to.pdf> <./5_threshold_d-eps-converted-to.pdf>]
Package epstopdf Info: Source file: <6_100.eps>
(epstopdf)                    date: 2023-12-09 16:36:54
(epstopdf)                    size: 25881 bytes
(epstopdf)             Output file: <6_100-eps-converted-to.pdf>
(epstopdf)             Command: <repstopdf --outfile=6_100-eps-converted-to.pdf 6_100.eps>
(epstopdf)             \includegraphics on input line 393.
runsystem(repstopdf --outfile=6_100-eps-converted-to.pdf 6_100.eps)...executed safely (allowed).

Package epstopdf Info: Result file: <6_100-eps-converted-to.pdf>
(epstopdf)                    date: 2023-12-13 16:57:28
(epstopdf)                    size: 9024 bytes.
<6_100-eps-converted-to.pdf, id=495, 421.575pt x 316.18124pt>
File: 6_100-eps-converted-to.pdf Graphic file (type pdf)
<use 6_100-eps-converted-to.pdf>
Package pdftex.def Info: 6_100-eps-converted-to.pdf  used on input line 393.
(pdftex.def)             Requested size: 193.47578pt x 145.1074pt.
Package epstopdf Info: Source file: <6_101.eps>
(epstopdf)                    date: 2023-12-09 16:37:30
(epstopdf)                    size: 26724 bytes
(epstopdf)             Output file: <6_101-eps-converted-to.pdf>
(epstopdf)             Command: <repstopdf --outfile=6_101-eps-converted-to.pdf 6_101.eps>
(epstopdf)             \includegraphics on input line 395.
runsystem(repstopdf --outfile=6_101-eps-converted-to.pdf 6_101.eps)...executed safely (allowed).

Package epstopdf Info: Result file: <6_101-eps-converted-to.pdf>
(epstopdf)                    date: 2023-12-13 16:57:32
(epstopdf)                    size: 9190 bytes.
<6_101-eps-converted-to.pdf, id=496, 421.575pt x 316.18124pt>
File: 6_101-eps-converted-to.pdf Graphic file (type pdf)
<use 6_101-eps-converted-to.pdf>
Package pdftex.def Info: 6_101-eps-converted-to.pdf  used on input line 395.
(pdftex.def)             Requested size: 193.47578pt x 145.1074pt.
 [11 <./6_100-eps-converted-to.pdf> <./6_101-eps-converted-to.pdf>] [12] [13] (./4.aux)

LaTeX Warning: There were multiply-defined labels.

Package rerunfilecheck Info: File `4.out' has not changed.
(rerunfilecheck)             Checksum: B011DDE7D183C3D42932A48F2DF46C0F;1052.
 ) 
Here is how much of TeX's memory you used:
 20621 strings out of 478268
 350883 string characters out of 5850345
 734369 words of memory out of 5000000
 38140 multiletter control sequences out of 15000+600000
 513396 words of font info for 188 fonts, out of 8000000 for 9000
 1141 hyphenation exceptions out of 8191
 75i,11n,79p,1209b,506s stack positions out of 10000i,1000n,20000p,200000b,200000s
<c:/Windows/Fonts/simhei.ttf><c:/Windows/Fonts/simsun.ttc><c:/Windows/Fonts/simsun.ttc><c:/Windows/Fonts/simsun.ttc><c:/Windows/Fonts/simsun.ttc><c:/Windows/Fonts/simsun.ttc><c:/Windows/Fonts/simsun.ttc><c:/Windows/Fonts/simsun.ttc><c:/Windows/Fonts/simsun.ttc><c:/Windows/Fonts/simsun.ttc><c:/Windows/Fonts/simsun.ttc><c:/Windows/Fonts/simhei.ttf><c:/Windows/Fonts/simhei.ttf><c:/Windows/Fonts/simsun.ttc><c:/Windows/Fonts/simsun.ttc><c:/Windows/Fonts/simsun.ttc><c:/Windows/Fonts/simsun.ttc><c:/Windows/Fonts/simsun.ttc><c:/Windows/Fonts/simsun.ttc><c:/Windows/Fonts/simsun.ttc><c:/Windows/Fonts/simsun.ttc><c:/Windows/Fonts/simsun.ttc><c:/Windows/Fonts/simsun.ttc><c:/Windows/Fonts/simsun.ttc><c:/Windows/Fonts/simhei.ttf><c:/Windows/Fonts/simhei.ttf><c:/Windows/Fonts/simhei.ttf><c:/Windows/Fonts/simhei.ttf><c:/Windows/Fonts/simhei.ttf><c:/Windows/Fonts/simsun.ttc><c:/Windows/Fonts/simsun.ttc><c:/Windows/Fonts/simsun.ttc><c:/Windows/Fonts/simsun.ttc><c:/Windows/Fonts/simsun.ttc><c:/Windows/Fonts/simsun.ttc><c:/Windows/Fonts/simsun.ttc><c:/Windows/Fonts/simsun.ttc><c:/Windows/Fonts/simsun.ttc><c:/Windows/Fonts/simsun.ttc><c:/Windows/Fonts/simsun.ttc><c:/Windows/Fonts/simhei.ttf><c:/Windows/Fonts/simhei.ttf><c:/Windows/Fonts/simsun.ttc><c:/Windows/Fonts/simsun.ttc><c:/Windows/Fonts/simsun.ttc><c:/Windows/Fonts/simsun.ttc><c:/Windows/Fonts/simsun.ttc><c:/Windows/Fonts/simsun.ttc><c:/Windows/Fonts/simsun.ttc><c:/Windows/Fonts/simsun.ttc><c:/Windows/Fonts/simsun.ttc><c:/Windows/Fonts/simsun.ttc><c:/Windows/Fonts/simsun.ttc><c:/Windows/Fonts/simsun.ttc><c:/Windows/Fonts/simsun.ttc><c:/Windows/Fonts/simsun.ttc><c:/Windows/Fonts/simsun.ttc><c:/Windows/Fonts/simsun.ttc><c:/Windows/Fonts/simsun.ttc><c:/Windows/Fonts/simsun.ttc><c:/Windows/Fonts/simsun.ttc><c:/Windows/Fonts/simsun.ttc><c:/Windows/Fonts/simsun.ttc><c:/Windows/Fonts/simsun.ttc><c:/Windows/Fonts/simsun.ttc><c:/Windows/Fonts/simsun.ttc><c:/Windows/Fonts/simsun.ttc><c:/Windows/Fonts/simsun.ttc><c:/Windows/Fonts/simsun.ttc><c:/Windows/Fonts/simsun.ttc><c:/Windows/Fonts/simsun.ttc><c:/Windows/Fonts/simsun.ttc><c:/Windows/Fonts/simsun.ttc><c:/Windows/Fonts/simsun.ttc><c:/Windows/Fonts/simsun.ttc><c:/Windows/Fonts/simhei.ttf><c:/Windows/Fonts/simhei.ttf><c:/Windows/Fonts/simsun.ttc><c:/Windows/Fonts/simsun.ttc><c:/Windows/Fonts/simsun.ttc><c:/Windows/Fonts/simhei.ttf><c:/Windows/Fonts/simhei.ttf><c:/Windows/Fonts/simhei.ttf><c:/Windows/Fonts/simhei.ttf><c:/Windows/Fonts/simhei.ttf><c:/Windows/Fonts/simhei.ttf><c:/Windows/Fonts/simhei.ttf><c:/Windows/Fonts/simhei.ttf><c:/Windows/Fonts/simhei.ttf><c:/Windows/Fonts/simhei.ttf><c:/texlive/2022/texmf-dist/fonts/type1/public/amsfonts/cm/cmbx12.pfb><c:/texlive/2022/texmf-dist/fonts/type1/public/amsfonts/cm/cmex10.pfb><c:/texlive/2022/texmf-dist/fonts/type1/public/amsfonts/cm/cmmi10.pfb><c:/texlive/2022/texmf-dist/fonts/type1/public/amsfonts/cm/cmmi6.pfb><c:/texlive/2022/texmf-dist/fonts/type1/public/amsfonts/cm/cmmi7.pfb><c:/texlive/2022/texmf-dist/fonts/type1/public/amsfonts/cm/cmmi8.pfb><c:/texlive/2022/texmf-dist/fonts/type1/public/amsfonts/cm/cmr10.pfb><c:/texlive/2022/texmf-dist/fonts/type1/public/amsfonts/cm/cmr12.pfb><c:/texlive/2022/texmf-dist/fonts/type1/public/amsfonts/cm/cmr7.pfb><c:/texlive/2022/texmf-dist/fonts/type1/public/amsfonts/cm/cmr8.pfb><c:/texlive/2022/texmf-dist/fonts/type1/public/amsfonts/cm/cmsl10.pfb><c:/texlive/2022/texmf-dist/fonts/type1/public/amsfonts/cm/cmsy10.pfb><c:/texlive/2022/texmf-dist/fonts/type1/public/amsfonts/cm/cmsy7.pfb><c:/texlive/2022/texmf-dist/fonts/type1/public/amsfonts/cm/cmsy8.pfb><c:/texlive/2022/texmf-dist/fonts/type1/public/amsfonts/cm/cmtt10.pfb>
Output written on 4.pdf (13 pages, 1886558 bytes).
PDF statistics:
 887 PDF objects out of 1000 (max. 8388607)
 581 compressed objects within 6 object streams
 82 named destinations out of 1000 (max. 500000)
 526 words of extra memory for PDF output out of 10000 (max. 10000000)

